{"/home/chatthana/workspaces/nodeapps/projects/typecript-ddd-sample-app/src/entrypoint.ts": {"path":"/home/chatthana/workspaces/nodeapps/projects/typecript-ddd-sample-app/src/entrypoint.ts","statementMap":{"0":{"start":{"line":2,"column":16},"end":{"line":10,"column":1}},"1":{"start":{"line":3,"column":28},"end":{"line":3,"column":110}},"2":{"start":{"line":3,"column":91},"end":{"line":3,"column":106}},"3":{"start":{"line":4,"column":4},"end":{"line":9,"column":7}},"4":{"start":{"line":5,"column":36},"end":{"line":5,"column":97}},"5":{"start":{"line":5,"column":42},"end":{"line":5,"column":70}},"6":{"start":{"line":5,"column":85},"end":{"line":5,"column":95}},"7":{"start":{"line":6,"column":35},"end":{"line":6,"column":100}},"8":{"start":{"line":6,"column":41},"end":{"line":6,"column":73}},"9":{"start":{"line":6,"column":88},"end":{"line":6,"column":98}},"10":{"start":{"line":7,"column":32},"end":{"line":7,"column":116}},"11":{"start":{"line":8,"column":8},"end":{"line":8,"column":78}},"12":{"start":{"line":11,"column":18},"end":{"line":37,"column":1}},"13":{"start":{"line":12,"column":12},"end":{"line":12,"column":104}},"14":{"start":{"line":12,"column":43},"end":{"line":12,"column":68}},"15":{"start":{"line":12,"column":57},"end":{"line":12,"column":68}},"16":{"start":{"line":12,"column":69},"end":{"line":12,"column":81}},"17":{"start":{"line":13,"column":4},"end":{"line":13,"column":157}},"18":{"start":{"line":13,"column":138},"end":{"line":13,"column":150}},"19":{"start":{"line":14,"column":23},"end":{"line":14,"column":68}},"20":{"start":{"line":14,"column":45},"end":{"line":14,"column":65}},"21":{"start":{"line":16,"column":8},"end":{"line":16,"column":70}},"22":{"start":{"line":16,"column":15},"end":{"line":16,"column":70}},"23":{"start":{"line":17,"column":8},"end":{"line":34,"column":66}},"24":{"start":{"line":17,"column":18},"end":{"line":34,"column":66}},"25":{"start":{"line":18,"column":12},"end":{"line":18,"column":169}},"26":{"start":{"line":18,"column":160},"end":{"line":18,"column":169}},"27":{"start":{"line":19,"column":12},"end":{"line":19,"column":52}},"28":{"start":{"line":19,"column":26},"end":{"line":19,"column":52}},"29":{"start":{"line":20,"column":12},"end":{"line":32,"column":13}},"30":{"start":{"line":21,"column":32},"end":{"line":21,"column":39}},"31":{"start":{"line":21,"column":40},"end":{"line":21,"column":46}},"32":{"start":{"line":22,"column":24},"end":{"line":22,"column":34}},"33":{"start":{"line":22,"column":35},"end":{"line":22,"column":72}},"34":{"start":{"line":23,"column":24},"end":{"line":23,"column":34}},"35":{"start":{"line":23,"column":35},"end":{"line":23,"column":45}},"36":{"start":{"line":23,"column":46},"end":{"line":23,"column":55}},"37":{"start":{"line":23,"column":56},"end":{"line":23,"column":65}},"38":{"start":{"line":24,"column":24},"end":{"line":24,"column":41}},"39":{"start":{"line":24,"column":42},"end":{"line":24,"column":55}},"40":{"start":{"line":24,"column":56},"end":{"line":24,"column":65}},"41":{"start":{"line":26,"column":20},"end":{"line":26,"column":128}},"42":{"start":{"line":26,"column":110},"end":{"line":26,"column":116}},"43":{"start":{"line":26,"column":117},"end":{"line":26,"column":126}},"44":{"start":{"line":27,"column":20},"end":{"line":27,"column":106}},"45":{"start":{"line":27,"column":81},"end":{"line":27,"column":97}},"46":{"start":{"line":27,"column":98},"end":{"line":27,"column":104}},"47":{"start":{"line":28,"column":20},"end":{"line":28,"column":89}},"48":{"start":{"line":28,"column":57},"end":{"line":28,"column":72}},"49":{"start":{"line":28,"column":73},"end":{"line":28,"column":80}},"50":{"start":{"line":28,"column":81},"end":{"line":28,"column":87}},"51":{"start":{"line":29,"column":20},"end":{"line":29,"column":87}},"52":{"start":{"line":29,"column":47},"end":{"line":29,"column":62}},"53":{"start":{"line":29,"column":63},"end":{"line":29,"column":78}},"54":{"start":{"line":29,"column":79},"end":{"line":29,"column":85}},"55":{"start":{"line":30,"column":20},"end":{"line":30,"column":42}},"56":{"start":{"line":30,"column":30},"end":{"line":30,"column":42}},"57":{"start":{"line":31,"column":20},"end":{"line":31,"column":33}},"58":{"start":{"line":31,"column":34},"end":{"line":31,"column":43}},"59":{"start":{"line":33,"column":12},"end":{"line":33,"column":39}},"60":{"start":{"line":34,"column":22},"end":{"line":34,"column":34}},"61":{"start":{"line":34,"column":35},"end":{"line":34,"column":41}},"62":{"start":{"line":34,"column":54},"end":{"line":34,"column":64}},"63":{"start":{"line":35,"column":8},"end":{"line":35,"column":35}},"64":{"start":{"line":35,"column":23},"end":{"line":35,"column":35}},"65":{"start":{"line":35,"column":36},"end":{"line":35,"column":89}},"66":{"start":{"line":38,"column":22},"end":{"line":40,"column":1}},"67":{"start":{"line":39,"column":4},"end":{"line":39,"column":62}},"68":{"start":{"line":41,"column":0},"end":{"line":41,"column":62}},"69":{"start":{"line":42,"column":0},"end":{"line":42,"column":28}},"70":{"start":{"line":43,"column":18},"end":{"line":43,"column":38}},"71":{"start":{"line":44,"column":14},"end":{"line":44,"column":41}},"72":{"start":{"line":45,"column":32},"end":{"line":45,"column":66}},"73":{"start":{"line":46,"column":20},"end":{"line":46,"column":59}},"74":{"start":{"line":47,"column":13},"end":{"line":47,"column":53}},"75":{"start":{"line":48,"column":0},"end":{"line":48,"column":40}},"76":{"start":{"line":49,"column":16},"end":{"line":49,"column":53}},"77":{"start":{"line":50,"column":23},"end":{"line":50,"column":77}},"78":{"start":{"line":51,"column":23},"end":{"line":51,"column":75}},"79":{"start":{"line":52,"column":24},"end":{"line":52,"column":68}},"80":{"start":{"line":53,"column":21},"end":{"line":53,"column":73}},"81":{"start":{"line":54,"column":17},"end":{"line":85,"column":5}},"82":{"start":{"line":54,"column":31},"end":{"line":85,"column":3}},"83":{"start":{"line":56,"column":4},"end":{"line":84,"column":7}},"84":{"start":{"line":57,"column":8},"end":{"line":83,"column":9}},"85":{"start":{"line":59,"column":16},"end":{"line":59,"column":56}},"86":{"start":{"line":60,"column":16},"end":{"line":60,"column":100}},"87":{"start":{"line":62,"column":16},"end":{"line":62,"column":31}},"88":{"start":{"line":63,"column":16},"end":{"line":63,"column":69}},"89":{"start":{"line":64,"column":16},"end":{"line":64,"column":97}},"90":{"start":{"line":65,"column":16},"end":{"line":65,"column":97}},"91":{"start":{"line":66,"column":16},"end":{"line":66,"column":100}},"92":{"start":{"line":67,"column":16},"end":{"line":67,"column":89}},"93":{"start":{"line":68,"column":16},"end":{"line":73,"column":19}},"94":{"start":{"line":69,"column":20},"end":{"line":71,"column":24}},"95":{"start":{"line":72,"column":20},"end":{"line":72,"column":58}},"96":{"start":{"line":74,"column":16},"end":{"line":76,"column":19}},"97":{"start":{"line":75,"column":20},"end":{"line":75,"column":57}},"98":{"start":{"line":77,"column":16},"end":{"line":77,"column":43}},"99":{"start":{"line":78,"column":16},"end":{"line":80,"column":19}},"100":{"start":{"line":79,"column":20},"end":{"line":79,"column":113}},"101":{"start":{"line":82,"column":16},"end":{"line":82,"column":49}},"102":{"start":{"line":86,"column":0},"end":{"line":86,"column":32}}},"fnMap":{"0":{"name":"(anonymous_0)","decl":{"start":{"line":2,"column":44},"end":{"line":2,"column":45}},"loc":{"start":{"line":2,"column":89},"end":{"line":10,"column":1}},"line":2},"1":{"name":"adopt","decl":{"start":{"line":3,"column":13},"end":{"line":3,"column":18}},"loc":{"start":{"line":3,"column":26},"end":{"line":3,"column":112}},"line":3},"2":{"name":"(anonymous_2)","decl":{"start":{"line":3,"column":70},"end":{"line":3,"column":71}},"loc":{"start":{"line":3,"column":89},"end":{"line":3,"column":108}},"line":3},"3":{"name":"(anonymous_3)","decl":{"start":{"line":4,"column":36},"end":{"line":4,"column":37}},"loc":{"start":{"line":4,"column":63},"end":{"line":9,"column":5}},"line":4},"4":{"name":"fulfilled","decl":{"start":{"line":5,"column":17},"end":{"line":5,"column":26}},"loc":{"start":{"line":5,"column":34},"end":{"line":5,"column":99}},"line":5},"5":{"name":"rejected","decl":{"start":{"line":6,"column":17},"end":{"line":6,"column":25}},"loc":{"start":{"line":6,"column":33},"end":{"line":6,"column":102}},"line":6},"6":{"name":"step","decl":{"start":{"line":7,"column":17},"end":{"line":7,"column":21}},"loc":{"start":{"line":7,"column":30},"end":{"line":7,"column":118}},"line":7},"7":{"name":"(anonymous_7)","decl":{"start":{"line":11,"column":48},"end":{"line":11,"column":49}},"loc":{"start":{"line":11,"column":73},"end":{"line":37,"column":1}},"line":11},"8":{"name":"(anonymous_8)","decl":{"start":{"line":12,"column":30},"end":{"line":12,"column":31}},"loc":{"start":{"line":12,"column":41},"end":{"line":12,"column":83}},"line":12},"9":{"name":"(anonymous_9)","decl":{"start":{"line":13,"column":125},"end":{"line":13,"column":126}},"loc":{"start":{"line":13,"column":136},"end":{"line":13,"column":152}},"line":13},"10":{"name":"verb","decl":{"start":{"line":14,"column":13},"end":{"line":14,"column":17}},"loc":{"start":{"line":14,"column":21},"end":{"line":14,"column":70}},"line":14},"11":{"name":"(anonymous_11)","decl":{"start":{"line":14,"column":30},"end":{"line":14,"column":31}},"loc":{"start":{"line":14,"column":43},"end":{"line":14,"column":67}},"line":14},"12":{"name":"step","decl":{"start":{"line":15,"column":13},"end":{"line":15,"column":17}},"loc":{"start":{"line":15,"column":22},"end":{"line":36,"column":5}},"line":15},"13":{"name":"(anonymous_13)","decl":{"start":{"line":38,"column":56},"end":{"line":38,"column":57}},"loc":{"start":{"line":38,"column":71},"end":{"line":40,"column":1}},"line":38},"14":{"name":"(anonymous_14)","decl":{"start":{"line":54,"column":17},"end":{"line":54,"column":18}},"loc":{"start":{"line":54,"column":29},"end":{"line":85,"column":5}},"line":54},"15":{"name":"(anonymous_15)","decl":{"start":{"line":54,"column":72},"end":{"line":54,"column":73}},"loc":{"start":{"line":54,"column":84},"end":{"line":85,"column":1}},"line":54},"16":{"name":"(anonymous_16)","decl":{"start":{"line":56,"column":29},"end":{"line":56,"column":30}},"loc":{"start":{"line":56,"column":43},"end":{"line":84,"column":5}},"line":56},"17":{"name":"(anonymous_17)","decl":{"start":{"line":68,"column":33},"end":{"line":68,"column":34}},"loc":{"start":{"line":68,"column":48},"end":{"line":73,"column":17}},"line":68},"18":{"name":"(anonymous_18)","decl":{"start":{"line":74,"column":38},"end":{"line":74,"column":39}},"loc":{"start":{"line":74,"column":53},"end":{"line":76,"column":17}},"line":74},"19":{"name":"(anonymous_19)","decl":{"start":{"line":78,"column":58},"end":{"line":78,"column":59}},"loc":{"start":{"line":78,"column":70},"end":{"line":80,"column":17}},"line":78}},"branchMap":{"0":{"loc":{"start":{"line":2,"column":16},"end":{"line":10,"column":1}},"type":"binary-expr","locations":[{"start":{"line":2,"column":17},"end":{"line":2,"column":21}},{"start":{"line":2,"column":25},"end":{"line":2,"column":39}},{"start":{"line":2,"column":44},"end":{"line":10,"column":1}}],"line":2},"1":{"loc":{"start":{"line":3,"column":35},"end":{"line":3,"column":109}},"type":"cond-expr","locations":[{"start":{"line":3,"column":56},"end":{"line":3,"column":61}},{"start":{"line":3,"column":64},"end":{"line":3,"column":109}}],"line":3},"2":{"loc":{"start":{"line":4,"column":16},"end":{"line":4,"column":34}},"type":"binary-expr","locations":[{"start":{"line":4,"column":16},"end":{"line":4,"column":17}},{"start":{"line":4,"column":22},"end":{"line":4,"column":33}}],"line":4},"3":{"loc":{"start":{"line":7,"column":32},"end":{"line":7,"column":115}},"type":"cond-expr","locations":[{"start":{"line":7,"column":46},"end":{"line":7,"column":67}},{"start":{"line":7,"column":70},"end":{"line":7,"column":115}}],"line":7},"4":{"loc":{"start":{"line":8,"column":51},"end":{"line":8,"column":67}},"type":"binary-expr","locations":[{"start":{"line":8,"column":51},"end":{"line":8,"column":61}},{"start":{"line":8,"column":65},"end":{"line":8,"column":67}}],"line":8},"5":{"loc":{"start":{"line":11,"column":18},"end":{"line":37,"column":1}},"type":"binary-expr","locations":[{"start":{"line":11,"column":19},"end":{"line":11,"column":23}},{"start":{"line":11,"column":27},"end":{"line":11,"column":43}},{"start":{"line":11,"column":48},"end":{"line":37,"column":1}}],"line":11},"6":{"loc":{"start":{"line":12,"column":43},"end":{"line":12,"column":68}},"type":"if","locations":[{"start":{"line":12,"column":43},"end":{"line":12,"column":68}},{"start":{"line":12,"column":43},"end":{"line":12,"column":68}}],"line":12},"7":{"loc":{"start":{"line":13,"column":71},"end":{"line":13,"column":153}},"type":"binary-expr","locations":[{"start":{"line":13,"column":71},"end":{"line":13,"column":99}},{"start":{"line":13,"column":104},"end":{"line":13,"column":152}}],"line":13},"8":{"loc":{"start":{"line":16,"column":8},"end":{"line":16,"column":70}},"type":"if","locations":[{"start":{"line":16,"column":8},"end":{"line":16,"column":70}},{"start":{"line":16,"column":8},"end":{"line":16,"column":70}}],"line":16},"9":{"loc":{"start":{"line":18,"column":12},"end":{"line":18,"column":169}},"type":"if","locations":[{"start":{"line":18,"column":12},"end":{"line":18,"column":169}},{"start":{"line":18,"column":12},"end":{"line":18,"column":169}}],"line":18},"10":{"loc":{"start":{"line":18,"column":23},"end":{"line":18,"column":158}},"type":"binary-expr","locations":[{"start":{"line":18,"column":23},"end":{"line":18,"column":24}},{"start":{"line":18,"column":29},"end":{"line":18,"column":125}},{"start":{"line":18,"column":130},"end":{"line":18,"column":158}}],"line":18},"11":{"loc":{"start":{"line":18,"column":33},"end":{"line":18,"column":125}},"type":"cond-expr","locations":[{"start":{"line":18,"column":45},"end":{"line":18,"column":56}},{"start":{"line":18,"column":59},"end":{"line":18,"column":125}}],"line":18},"12":{"loc":{"start":{"line":18,"column":59},"end":{"line":18,"column":125}},"type":"cond-expr","locations":[{"start":{"line":18,"column":67},"end":{"line":18,"column":116}},{"start":{"line":18,"column":119},"end":{"line":18,"column":125}}],"line":18},"13":{"loc":{"start":{"line":18,"column":67},"end":{"line":18,"column":116}},"type":"binary-expr","locations":[{"start":{"line":18,"column":67},"end":{"line":18,"column":77}},{"start":{"line":18,"column":82},"end":{"line":18,"column":115}}],"line":18},"14":{"loc":{"start":{"line":18,"column":82},"end":{"line":18,"column":112}},"type":"binary-expr","locations":[{"start":{"line":18,"column":83},"end":{"line":18,"column":98}},{"start":{"line":18,"column":103},"end":{"line":18,"column":112}}],"line":18},"15":{"loc":{"start":{"line":19,"column":12},"end":{"line":19,"column":52}},"type":"if","locations":[{"start":{"line":19,"column":12},"end":{"line":19,"column":52}},{"start":{"line":19,"column":12},"end":{"line":19,"column":52}}],"line":19},"16":{"loc":{"start":{"line":20,"column":12},"end":{"line":32,"column":13}},"type":"switch","locations":[{"start":{"line":21,"column":16},"end":{"line":21,"column":23}},{"start":{"line":21,"column":24},"end":{"line":21,"column":46}},{"start":{"line":22,"column":16},"end":{"line":22,"column":72}},{"start":{"line":23,"column":16},"end":{"line":23,"column":65}},{"start":{"line":24,"column":16},"end":{"line":24,"column":65}},{"start":{"line":25,"column":16},"end":{"line":31,"column":43}}],"line":20},"17":{"loc":{"start":{"line":26,"column":20},"end":{"line":26,"column":128}},"type":"if","locations":[{"start":{"line":26,"column":20},"end":{"line":26,"column":128}},{"start":{"line":26,"column":20},"end":{"line":26,"column":128}}],"line":26},"18":{"loc":{"start":{"line":26,"column":24},"end":{"line":26,"column":106}},"type":"binary-expr","locations":[{"start":{"line":26,"column":24},"end":{"line":26,"column":74}},{"start":{"line":26,"column":79},"end":{"line":26,"column":90}},{"start":{"line":26,"column":94},"end":{"line":26,"column":105}}],"line":26},"19":{"loc":{"start":{"line":26,"column":42},"end":{"line":26,"column":73}},"type":"binary-expr","locations":[{"start":{"line":26,"column":42},"end":{"line":26,"column":54}},{"start":{"line":26,"column":58},"end":{"line":26,"column":73}}],"line":26},"20":{"loc":{"start":{"line":27,"column":20},"end":{"line":27,"column":106}},"type":"if","locations":[{"start":{"line":27,"column":20},"end":{"line":27,"column":106}},{"start":{"line":27,"column":20},"end":{"line":27,"column":106}}],"line":27},"21":{"loc":{"start":{"line":27,"column":24},"end":{"line":27,"column":77}},"type":"binary-expr","locations":[{"start":{"line":27,"column":24},"end":{"line":27,"column":35}},{"start":{"line":27,"column":40},"end":{"line":27,"column":42}},{"start":{"line":27,"column":47},"end":{"line":27,"column":59}},{"start":{"line":27,"column":63},"end":{"line":27,"column":75}}],"line":27},"22":{"loc":{"start":{"line":28,"column":20},"end":{"line":28,"column":89}},"type":"if","locations":[{"start":{"line":28,"column":20},"end":{"line":28,"column":89}},{"start":{"line":28,"column":20},"end":{"line":28,"column":89}}],"line":28},"23":{"loc":{"start":{"line":28,"column":24},"end":{"line":28,"column":53}},"type":"binary-expr","locations":[{"start":{"line":28,"column":24},"end":{"line":28,"column":35}},{"start":{"line":28,"column":39},"end":{"line":28,"column":53}}],"line":28},"24":{"loc":{"start":{"line":29,"column":20},"end":{"line":29,"column":87}},"type":"if","locations":[{"start":{"line":29,"column":20},"end":{"line":29,"column":87}},{"start":{"line":29,"column":20},"end":{"line":29,"column":87}}],"line":29},"25":{"loc":{"start":{"line":29,"column":24},"end":{"line":29,"column":43}},"type":"binary-expr","locations":[{"start":{"line":29,"column":24},"end":{"line":29,"column":25}},{"start":{"line":29,"column":29},"end":{"line":29,"column":43}}],"line":29},"26":{"loc":{"start":{"line":30,"column":20},"end":{"line":30,"column":42}},"type":"if","locations":[{"start":{"line":30,"column":20},"end":{"line":30,"column":42}},{"start":{"line":30,"column":20},"end":{"line":30,"column":42}}],"line":30},"27":{"loc":{"start":{"line":35,"column":8},"end":{"line":35,"column":35}},"type":"if","locations":[{"start":{"line":35,"column":8},"end":{"line":35,"column":35}},{"start":{"line":35,"column":8},"end":{"line":35,"column":35}}],"line":35},"28":{"loc":{"start":{"line":35,"column":52},"end":{"line":35,"column":74}},"type":"cond-expr","locations":[{"start":{"line":35,"column":60},"end":{"line":35,"column":65}},{"start":{"line":35,"column":68},"end":{"line":35,"column":74}}],"line":35},"29":{"loc":{"start":{"line":38,"column":22},"end":{"line":40,"column":1}},"type":"binary-expr","locations":[{"start":{"line":38,"column":23},"end":{"line":38,"column":27}},{"start":{"line":38,"column":31},"end":{"line":38,"column":51}},{"start":{"line":38,"column":56},"end":{"line":40,"column":1}}],"line":38},"30":{"loc":{"start":{"line":39,"column":11},"end":{"line":39,"column":61}},"type":"cond-expr","locations":[{"start":{"line":39,"column":37},"end":{"line":39,"column":40}},{"start":{"line":39,"column":43},"end":{"line":39,"column":61}}],"line":39},"31":{"loc":{"start":{"line":39,"column":12},"end":{"line":39,"column":33}},"type":"binary-expr","locations":[{"start":{"line":39,"column":12},"end":{"line":39,"column":15}},{"start":{"line":39,"column":19},"end":{"line":39,"column":33}}],"line":39},"32":{"loc":{"start":{"line":57,"column":8},"end":{"line":83,"column":9}},"type":"switch","locations":[{"start":{"line":58,"column":12},"end":{"line":60,"column":100}},{"start":{"line":61,"column":12},"end":{"line":82,"column":49}}],"line":57}},"s":{"0":0,"1":0,"2":0,"3":0,"4":0,"5":0,"6":0,"7":0,"8":0,"9":0,"10":0,"11":0,"12":0,"13":0,"14":0,"15":0,"16":0,"17":0,"18":0,"19":0,"20":0,"21":0,"22":0,"23":0,"24":0,"25":0,"26":0,"27":0,"28":0,"29":0,"30":0,"31":0,"32":0,"33":0,"34":0,"35":0,"36":0,"37":0,"38":0,"39":0,"40":0,"41":0,"42":0,"43":0,"44":0,"45":0,"46":0,"47":0,"48":0,"49":0,"50":0,"51":0,"52":0,"53":0,"54":0,"55":0,"56":0,"57":0,"58":0,"59":0,"60":0,"61":0,"62":0,"63":0,"64":0,"65":0,"66":0,"67":0,"68":0,"69":0,"70":0,"71":0,"72":0,"73":0,"74":0,"75":0,"76":0,"77":0,"78":0,"79":0,"80":0,"81":0,"82":0,"83":0,"84":0,"85":0,"86":0,"87":0,"88":0,"89":0,"90":0,"91":0,"92":0,"93":0,"94":0,"95":0,"96":0,"97":0,"98":0,"99":0,"100":0,"101":0,"102":0},"f":{"0":0,"1":0,"2":0,"3":0,"4":0,"5":0,"6":0,"7":0,"8":0,"9":0,"10":0,"11":0,"12":0,"13":0,"14":0,"15":0,"16":0,"17":0,"18":0,"19":0},"b":{"0":[0,0,0],"1":[0,0],"2":[0,0],"3":[0,0],"4":[0,0],"5":[0,0,0],"6":[0,0],"7":[0,0],"8":[0,0],"9":[0,0],"10":[0,0,0],"11":[0,0],"12":[0,0],"13":[0,0],"14":[0,0],"15":[0,0],"16":[0,0,0,0,0,0],"17":[0,0],"18":[0,0,0],"19":[0,0],"20":[0,0],"21":[0,0,0,0],"22":[0,0],"23":[0,0],"24":[0,0],"25":[0,0],"26":[0,0],"27":[0,0],"28":[0,0],"29":[0,0,0],"30":[0,0],"31":[0,0],"32":[0,0]},"inputSourceMap":null}
,"/home/chatthana/workspaces/nodeapps/projects/typecript-ddd-sample-app/src/index.ts": {"path":"/home/chatthana/workspaces/nodeapps/projects/typecript-ddd-sample-app/src/index.ts","statementMap":{"0":{"start":{"line":2,"column":22},"end":{"line":8,"column":3}},"1":{"start":{"line":3,"column":4},"end":{"line":3,"column":33}},"2":{"start":{"line":3,"column":26},"end":{"line":3,"column":33}},"3":{"start":{"line":4,"column":4},"end":{"line":4,"column":89}},"4":{"start":{"line":4,"column":71},"end":{"line":4,"column":83}},"5":{"start":{"line":6,"column":4},"end":{"line":6,"column":33}},"6":{"start":{"line":6,"column":26},"end":{"line":6,"column":33}},"7":{"start":{"line":7,"column":4},"end":{"line":7,"column":17}},"8":{"start":{"line":9,"column":25},"end":{"line":13,"column":2}},"9":{"start":{"line":10,"column":4},"end":{"line":10,"column":72}},"10":{"start":{"line":12,"column":4},"end":{"line":12,"column":21}},"11":{"start":{"line":14,"column":19},"end":{"line":20,"column":1}},"12":{"start":{"line":15,"column":4},"end":{"line":15,"column":42}},"13":{"start":{"line":15,"column":31},"end":{"line":15,"column":42}},"14":{"start":{"line":16,"column":17},"end":{"line":16,"column":19}},"15":{"start":{"line":17,"column":4},"end":{"line":17,"column":131}},"16":{"start":{"line":17,"column":21},"end":{"line":17,"column":131}},"17":{"start":{"line":17,"column":40},"end":{"line":17,"column":131}},"18":{"start":{"line":17,"column":99},"end":{"line":17,"column":131}},"19":{"start":{"line":18,"column":4},"end":{"line":18,"column":36}},"20":{"start":{"line":19,"column":4},"end":{"line":19,"column":18}},"21":{"start":{"line":21,"column":16},"end":{"line":29,"column":1}},"22":{"start":{"line":22,"column":28},"end":{"line":22,"column":110}},"23":{"start":{"line":22,"column":91},"end":{"line":22,"column":106}},"24":{"start":{"line":23,"column":4},"end":{"line":28,"column":7}},"25":{"start":{"line":24,"column":36},"end":{"line":24,"column":97}},"26":{"start":{"line":24,"column":42},"end":{"line":24,"column":70}},"27":{"start":{"line":24,"column":85},"end":{"line":24,"column":95}},"28":{"start":{"line":25,"column":35},"end":{"line":25,"column":100}},"29":{"start":{"line":25,"column":41},"end":{"line":25,"column":73}},"30":{"start":{"line":25,"column":88},"end":{"line":25,"column":98}},"31":{"start":{"line":26,"column":32},"end":{"line":26,"column":116}},"32":{"start":{"line":27,"column":8},"end":{"line":27,"column":78}},"33":{"start":{"line":30,"column":18},"end":{"line":56,"column":1}},"34":{"start":{"line":31,"column":12},"end":{"line":31,"column":104}},"35":{"start":{"line":31,"column":43},"end":{"line":31,"column":68}},"36":{"start":{"line":31,"column":57},"end":{"line":31,"column":68}},"37":{"start":{"line":31,"column":69},"end":{"line":31,"column":81}},"38":{"start":{"line":32,"column":4},"end":{"line":32,"column":157}},"39":{"start":{"line":32,"column":138},"end":{"line":32,"column":150}},"40":{"start":{"line":33,"column":23},"end":{"line":33,"column":68}},"41":{"start":{"line":33,"column":45},"end":{"line":33,"column":65}},"42":{"start":{"line":35,"column":8},"end":{"line":35,"column":70}},"43":{"start":{"line":35,"column":15},"end":{"line":35,"column":70}},"44":{"start":{"line":36,"column":8},"end":{"line":53,"column":66}},"45":{"start":{"line":36,"column":18},"end":{"line":53,"column":66}},"46":{"start":{"line":37,"column":12},"end":{"line":37,"column":169}},"47":{"start":{"line":37,"column":160},"end":{"line":37,"column":169}},"48":{"start":{"line":38,"column":12},"end":{"line":38,"column":52}},"49":{"start":{"line":38,"column":26},"end":{"line":38,"column":52}},"50":{"start":{"line":39,"column":12},"end":{"line":51,"column":13}},"51":{"start":{"line":40,"column":32},"end":{"line":40,"column":39}},"52":{"start":{"line":40,"column":40},"end":{"line":40,"column":46}},"53":{"start":{"line":41,"column":24},"end":{"line":41,"column":34}},"54":{"start":{"line":41,"column":35},"end":{"line":41,"column":72}},"55":{"start":{"line":42,"column":24},"end":{"line":42,"column":34}},"56":{"start":{"line":42,"column":35},"end":{"line":42,"column":45}},"57":{"start":{"line":42,"column":46},"end":{"line":42,"column":55}},"58":{"start":{"line":42,"column":56},"end":{"line":42,"column":65}},"59":{"start":{"line":43,"column":24},"end":{"line":43,"column":41}},"60":{"start":{"line":43,"column":42},"end":{"line":43,"column":55}},"61":{"start":{"line":43,"column":56},"end":{"line":43,"column":65}},"62":{"start":{"line":45,"column":20},"end":{"line":45,"column":128}},"63":{"start":{"line":45,"column":110},"end":{"line":45,"column":116}},"64":{"start":{"line":45,"column":117},"end":{"line":45,"column":126}},"65":{"start":{"line":46,"column":20},"end":{"line":46,"column":106}},"66":{"start":{"line":46,"column":81},"end":{"line":46,"column":97}},"67":{"start":{"line":46,"column":98},"end":{"line":46,"column":104}},"68":{"start":{"line":47,"column":20},"end":{"line":47,"column":89}},"69":{"start":{"line":47,"column":57},"end":{"line":47,"column":72}},"70":{"start":{"line":47,"column":73},"end":{"line":47,"column":80}},"71":{"start":{"line":47,"column":81},"end":{"line":47,"column":87}},"72":{"start":{"line":48,"column":20},"end":{"line":48,"column":87}},"73":{"start":{"line":48,"column":47},"end":{"line":48,"column":62}},"74":{"start":{"line":48,"column":63},"end":{"line":48,"column":78}},"75":{"start":{"line":48,"column":79},"end":{"line":48,"column":85}},"76":{"start":{"line":49,"column":20},"end":{"line":49,"column":42}},"77":{"start":{"line":49,"column":30},"end":{"line":49,"column":42}},"78":{"start":{"line":50,"column":20},"end":{"line":50,"column":33}},"79":{"start":{"line":50,"column":34},"end":{"line":50,"column":43}},"80":{"start":{"line":52,"column":12},"end":{"line":52,"column":39}},"81":{"start":{"line":53,"column":22},"end":{"line":53,"column":34}},"82":{"start":{"line":53,"column":35},"end":{"line":53,"column":41}},"83":{"start":{"line":53,"column":54},"end":{"line":53,"column":64}},"84":{"start":{"line":54,"column":8},"end":{"line":54,"column":35}},"85":{"start":{"line":54,"column":23},"end":{"line":54,"column":35}},"86":{"start":{"line":54,"column":36},"end":{"line":54,"column":89}},"87":{"start":{"line":57,"column":0},"end":{"line":57,"column":62}},"88":{"start":{"line":58,"column":0},"end":{"line":58,"column":33}},"89":{"start":{"line":59,"column":13},"end":{"line":59,"column":44}},"90":{"start":{"line":60,"column":0},"end":{"line":60,"column":28}},"91":{"start":{"line":61,"column":19},"end":{"line":61,"column":42}},"92":{"start":{"line":62,"column":0},"end":{"line":62,"column":16}},"93":{"start":{"line":63,"column":0},"end":{"line":72,"column":9}},"94":{"start":{"line":63,"column":15},"end":{"line":72,"column":3}},"95":{"start":{"line":64,"column":4},"end":{"line":71,"column":7}},"96":{"start":{"line":65,"column":8},"end":{"line":70,"column":9}},"97":{"start":{"line":66,"column":20},"end":{"line":66,"column":68}},"98":{"start":{"line":68,"column":16},"end":{"line":68,"column":26}},"99":{"start":{"line":69,"column":16},"end":{"line":69,"column":38}}},"fnMap":{"0":{"name":"(anonymous_0)","decl":{"start":{"line":2,"column":74},"end":{"line":2,"column":75}},"loc":{"start":{"line":2,"column":96},"end":{"line":5,"column":1}},"line":2},"1":{"name":"(anonymous_1)","decl":{"start":{"line":4,"column":58},"end":{"line":4,"column":59}},"loc":{"start":{"line":4,"column":69},"end":{"line":4,"column":85}},"line":4},"2":{"name":"(anonymous_2)","decl":{"start":{"line":5,"column":6},"end":{"line":5,"column":7}},"loc":{"start":{"line":5,"column":28},"end":{"line":8,"column":1}},"line":5},"3":{"name":"(anonymous_3)","decl":{"start":{"line":9,"column":80},"end":{"line":9,"column":81}},"loc":{"start":{"line":9,"column":95},"end":{"line":11,"column":1}},"line":9},"4":{"name":"(anonymous_4)","decl":{"start":{"line":11,"column":5},"end":{"line":11,"column":6}},"loc":{"start":{"line":11,"column":20},"end":{"line":13,"column":1}},"line":11},"5":{"name":"(anonymous_5)","decl":{"start":{"line":14,"column":50},"end":{"line":14,"column":51}},"loc":{"start":{"line":14,"column":65},"end":{"line":20,"column":1}},"line":14},"6":{"name":"(anonymous_6)","decl":{"start":{"line":21,"column":44},"end":{"line":21,"column":45}},"loc":{"start":{"line":21,"column":89},"end":{"line":29,"column":1}},"line":21},"7":{"name":"adopt","decl":{"start":{"line":22,"column":13},"end":{"line":22,"column":18}},"loc":{"start":{"line":22,"column":26},"end":{"line":22,"column":112}},"line":22},"8":{"name":"(anonymous_8)","decl":{"start":{"line":22,"column":70},"end":{"line":22,"column":71}},"loc":{"start":{"line":22,"column":89},"end":{"line":22,"column":108}},"line":22},"9":{"name":"(anonymous_9)","decl":{"start":{"line":23,"column":36},"end":{"line":23,"column":37}},"loc":{"start":{"line":23,"column":63},"end":{"line":28,"column":5}},"line":23},"10":{"name":"fulfilled","decl":{"start":{"line":24,"column":17},"end":{"line":24,"column":26}},"loc":{"start":{"line":24,"column":34},"end":{"line":24,"column":99}},"line":24},"11":{"name":"rejected","decl":{"start":{"line":25,"column":17},"end":{"line":25,"column":25}},"loc":{"start":{"line":25,"column":33},"end":{"line":25,"column":102}},"line":25},"12":{"name":"step","decl":{"start":{"line":26,"column":17},"end":{"line":26,"column":21}},"loc":{"start":{"line":26,"column":30},"end":{"line":26,"column":118}},"line":26},"13":{"name":"(anonymous_13)","decl":{"start":{"line":30,"column":48},"end":{"line":30,"column":49}},"loc":{"start":{"line":30,"column":73},"end":{"line":56,"column":1}},"line":30},"14":{"name":"(anonymous_14)","decl":{"start":{"line":31,"column":30},"end":{"line":31,"column":31}},"loc":{"start":{"line":31,"column":41},"end":{"line":31,"column":83}},"line":31},"15":{"name":"(anonymous_15)","decl":{"start":{"line":32,"column":125},"end":{"line":32,"column":126}},"loc":{"start":{"line":32,"column":136},"end":{"line":32,"column":152}},"line":32},"16":{"name":"verb","decl":{"start":{"line":33,"column":13},"end":{"line":33,"column":17}},"loc":{"start":{"line":33,"column":21},"end":{"line":33,"column":70}},"line":33},"17":{"name":"(anonymous_17)","decl":{"start":{"line":33,"column":30},"end":{"line":33,"column":31}},"loc":{"start":{"line":33,"column":43},"end":{"line":33,"column":67}},"line":33},"18":{"name":"step","decl":{"start":{"line":34,"column":13},"end":{"line":34,"column":17}},"loc":{"start":{"line":34,"column":22},"end":{"line":55,"column":5}},"line":34},"19":{"name":"(anonymous_19)","decl":{"start":{"line":63,"column":1},"end":{"line":63,"column":2}},"loc":{"start":{"line":63,"column":13},"end":{"line":72,"column":5}},"line":63},"20":{"name":"(anonymous_20)","decl":{"start":{"line":63,"column":56},"end":{"line":63,"column":57}},"loc":{"start":{"line":63,"column":68},"end":{"line":72,"column":1}},"line":63},"21":{"name":"(anonymous_21)","decl":{"start":{"line":64,"column":29},"end":{"line":64,"column":30}},"loc":{"start":{"line":64,"column":43},"end":{"line":71,"column":5}},"line":64}},"branchMap":{"0":{"loc":{"start":{"line":2,"column":22},"end":{"line":8,"column":3}},"type":"binary-expr","locations":[{"start":{"line":2,"column":23},"end":{"line":2,"column":27}},{"start":{"line":2,"column":31},"end":{"line":2,"column":51}},{"start":{"line":2,"column":57},"end":{"line":8,"column":2}}],"line":2},"1":{"loc":{"start":{"line":2,"column":57},"end":{"line":8,"column":2}},"type":"cond-expr","locations":[{"start":{"line":2,"column":74},"end":{"line":5,"column":1}},{"start":{"line":5,"column":6},"end":{"line":8,"column":1}}],"line":2},"2":{"loc":{"start":{"line":3,"column":4},"end":{"line":3,"column":33}},"type":"if","locations":[{"start":{"line":3,"column":4},"end":{"line":3,"column":33}},{"start":{"line":3,"column":4},"end":{"line":3,"column":33}}],"line":3},"3":{"loc":{"start":{"line":6,"column":4},"end":{"line":6,"column":33}},"type":"if","locations":[{"start":{"line":6,"column":4},"end":{"line":6,"column":33}},{"start":{"line":6,"column":4},"end":{"line":6,"column":33}}],"line":6},"4":{"loc":{"start":{"line":9,"column":25},"end":{"line":13,"column":2}},"type":"binary-expr","locations":[{"start":{"line":9,"column":26},"end":{"line":9,"column":30}},{"start":{"line":9,"column":34},"end":{"line":9,"column":57}},{"start":{"line":9,"column":63},"end":{"line":13,"column":1}}],"line":9},"5":{"loc":{"start":{"line":9,"column":63},"end":{"line":13,"column":1}},"type":"cond-expr","locations":[{"start":{"line":9,"column":80},"end":{"line":11,"column":1}},{"start":{"line":11,"column":5},"end":{"line":13,"column":1}}],"line":9},"6":{"loc":{"start":{"line":14,"column":19},"end":{"line":20,"column":1}},"type":"binary-expr","locations":[{"start":{"line":14,"column":20},"end":{"line":14,"column":24}},{"start":{"line":14,"column":28},"end":{"line":14,"column":45}},{"start":{"line":14,"column":50},"end":{"line":20,"column":1}}],"line":14},"7":{"loc":{"start":{"line":15,"column":4},"end":{"line":15,"column":42}},"type":"if","locations":[{"start":{"line":15,"column":4},"end":{"line":15,"column":42}},{"start":{"line":15,"column":4},"end":{"line":15,"column":42}}],"line":15},"8":{"loc":{"start":{"line":15,"column":8},"end":{"line":15,"column":29}},"type":"binary-expr","locations":[{"start":{"line":15,"column":8},"end":{"line":15,"column":11}},{"start":{"line":15,"column":15},"end":{"line":15,"column":29}}],"line":15},"9":{"loc":{"start":{"line":17,"column":4},"end":{"line":17,"column":131}},"type":"if","locations":[{"start":{"line":17,"column":4},"end":{"line":17,"column":131}},{"start":{"line":17,"column":4},"end":{"line":17,"column":131}}],"line":17},"10":{"loc":{"start":{"line":17,"column":40},"end":{"line":17,"column":131}},"type":"if","locations":[{"start":{"line":17,"column":40},"end":{"line":17,"column":131}},{"start":{"line":17,"column":40},"end":{"line":17,"column":131}}],"line":17},"11":{"loc":{"start":{"line":17,"column":44},"end":{"line":17,"column":97}},"type":"binary-expr","locations":[{"start":{"line":17,"column":44},"end":{"line":17,"column":59}},{"start":{"line":17,"column":63},"end":{"line":17,"column":97}}],"line":17},"12":{"loc":{"start":{"line":21,"column":16},"end":{"line":29,"column":1}},"type":"binary-expr","locations":[{"start":{"line":21,"column":17},"end":{"line":21,"column":21}},{"start":{"line":21,"column":25},"end":{"line":21,"column":39}},{"start":{"line":21,"column":44},"end":{"line":29,"column":1}}],"line":21},"13":{"loc":{"start":{"line":22,"column":35},"end":{"line":22,"column":109}},"type":"cond-expr","locations":[{"start":{"line":22,"column":56},"end":{"line":22,"column":61}},{"start":{"line":22,"column":64},"end":{"line":22,"column":109}}],"line":22},"14":{"loc":{"start":{"line":23,"column":16},"end":{"line":23,"column":34}},"type":"binary-expr","locations":[{"start":{"line":23,"column":16},"end":{"line":23,"column":17}},{"start":{"line":23,"column":22},"end":{"line":23,"column":33}}],"line":23},"15":{"loc":{"start":{"line":26,"column":32},"end":{"line":26,"column":115}},"type":"cond-expr","locations":[{"start":{"line":26,"column":46},"end":{"line":26,"column":67}},{"start":{"line":26,"column":70},"end":{"line":26,"column":115}}],"line":26},"16":{"loc":{"start":{"line":27,"column":51},"end":{"line":27,"column":67}},"type":"binary-expr","locations":[{"start":{"line":27,"column":51},"end":{"line":27,"column":61}},{"start":{"line":27,"column":65},"end":{"line":27,"column":67}}],"line":27},"17":{"loc":{"start":{"line":30,"column":18},"end":{"line":56,"column":1}},"type":"binary-expr","locations":[{"start":{"line":30,"column":19},"end":{"line":30,"column":23}},{"start":{"line":30,"column":27},"end":{"line":30,"column":43}},{"start":{"line":30,"column":48},"end":{"line":56,"column":1}}],"line":30},"18":{"loc":{"start":{"line":31,"column":43},"end":{"line":31,"column":68}},"type":"if","locations":[{"start":{"line":31,"column":43},"end":{"line":31,"column":68}},{"start":{"line":31,"column":43},"end":{"line":31,"column":68}}],"line":31},"19":{"loc":{"start":{"line":32,"column":71},"end":{"line":32,"column":153}},"type":"binary-expr","locations":[{"start":{"line":32,"column":71},"end":{"line":32,"column":99}},{"start":{"line":32,"column":104},"end":{"line":32,"column":152}}],"line":32},"20":{"loc":{"start":{"line":35,"column":8},"end":{"line":35,"column":70}},"type":"if","locations":[{"start":{"line":35,"column":8},"end":{"line":35,"column":70}},{"start":{"line":35,"column":8},"end":{"line":35,"column":70}}],"line":35},"21":{"loc":{"start":{"line":37,"column":12},"end":{"line":37,"column":169}},"type":"if","locations":[{"start":{"line":37,"column":12},"end":{"line":37,"column":169}},{"start":{"line":37,"column":12},"end":{"line":37,"column":169}}],"line":37},"22":{"loc":{"start":{"line":37,"column":23},"end":{"line":37,"column":158}},"type":"binary-expr","locations":[{"start":{"line":37,"column":23},"end":{"line":37,"column":24}},{"start":{"line":37,"column":29},"end":{"line":37,"column":125}},{"start":{"line":37,"column":130},"end":{"line":37,"column":158}}],"line":37},"23":{"loc":{"start":{"line":37,"column":33},"end":{"line":37,"column":125}},"type":"cond-expr","locations":[{"start":{"line":37,"column":45},"end":{"line":37,"column":56}},{"start":{"line":37,"column":59},"end":{"line":37,"column":125}}],"line":37},"24":{"loc":{"start":{"line":37,"column":59},"end":{"line":37,"column":125}},"type":"cond-expr","locations":[{"start":{"line":37,"column":67},"end":{"line":37,"column":116}},{"start":{"line":37,"column":119},"end":{"line":37,"column":125}}],"line":37},"25":{"loc":{"start":{"line":37,"column":67},"end":{"line":37,"column":116}},"type":"binary-expr","locations":[{"start":{"line":37,"column":67},"end":{"line":37,"column":77}},{"start":{"line":37,"column":82},"end":{"line":37,"column":115}}],"line":37},"26":{"loc":{"start":{"line":37,"column":82},"end":{"line":37,"column":112}},"type":"binary-expr","locations":[{"start":{"line":37,"column":83},"end":{"line":37,"column":98}},{"start":{"line":37,"column":103},"end":{"line":37,"column":112}}],"line":37},"27":{"loc":{"start":{"line":38,"column":12},"end":{"line":38,"column":52}},"type":"if","locations":[{"start":{"line":38,"column":12},"end":{"line":38,"column":52}},{"start":{"line":38,"column":12},"end":{"line":38,"column":52}}],"line":38},"28":{"loc":{"start":{"line":39,"column":12},"end":{"line":51,"column":13}},"type":"switch","locations":[{"start":{"line":40,"column":16},"end":{"line":40,"column":23}},{"start":{"line":40,"column":24},"end":{"line":40,"column":46}},{"start":{"line":41,"column":16},"end":{"line":41,"column":72}},{"start":{"line":42,"column":16},"end":{"line":42,"column":65}},{"start":{"line":43,"column":16},"end":{"line":43,"column":65}},{"start":{"line":44,"column":16},"end":{"line":50,"column":43}}],"line":39},"29":{"loc":{"start":{"line":45,"column":20},"end":{"line":45,"column":128}},"type":"if","locations":[{"start":{"line":45,"column":20},"end":{"line":45,"column":128}},{"start":{"line":45,"column":20},"end":{"line":45,"column":128}}],"line":45},"30":{"loc":{"start":{"line":45,"column":24},"end":{"line":45,"column":106}},"type":"binary-expr","locations":[{"start":{"line":45,"column":24},"end":{"line":45,"column":74}},{"start":{"line":45,"column":79},"end":{"line":45,"column":90}},{"start":{"line":45,"column":94},"end":{"line":45,"column":105}}],"line":45},"31":{"loc":{"start":{"line":45,"column":42},"end":{"line":45,"column":73}},"type":"binary-expr","locations":[{"start":{"line":45,"column":42},"end":{"line":45,"column":54}},{"start":{"line":45,"column":58},"end":{"line":45,"column":73}}],"line":45},"32":{"loc":{"start":{"line":46,"column":20},"end":{"line":46,"column":106}},"type":"if","locations":[{"start":{"line":46,"column":20},"end":{"line":46,"column":106}},{"start":{"line":46,"column":20},"end":{"line":46,"column":106}}],"line":46},"33":{"loc":{"start":{"line":46,"column":24},"end":{"line":46,"column":77}},"type":"binary-expr","locations":[{"start":{"line":46,"column":24},"end":{"line":46,"column":35}},{"start":{"line":46,"column":40},"end":{"line":46,"column":42}},{"start":{"line":46,"column":47},"end":{"line":46,"column":59}},{"start":{"line":46,"column":63},"end":{"line":46,"column":75}}],"line":46},"34":{"loc":{"start":{"line":47,"column":20},"end":{"line":47,"column":89}},"type":"if","locations":[{"start":{"line":47,"column":20},"end":{"line":47,"column":89}},{"start":{"line":47,"column":20},"end":{"line":47,"column":89}}],"line":47},"35":{"loc":{"start":{"line":47,"column":24},"end":{"line":47,"column":53}},"type":"binary-expr","locations":[{"start":{"line":47,"column":24},"end":{"line":47,"column":35}},{"start":{"line":47,"column":39},"end":{"line":47,"column":53}}],"line":47},"36":{"loc":{"start":{"line":48,"column":20},"end":{"line":48,"column":87}},"type":"if","locations":[{"start":{"line":48,"column":20},"end":{"line":48,"column":87}},{"start":{"line":48,"column":20},"end":{"line":48,"column":87}}],"line":48},"37":{"loc":{"start":{"line":48,"column":24},"end":{"line":48,"column":43}},"type":"binary-expr","locations":[{"start":{"line":48,"column":24},"end":{"line":48,"column":25}},{"start":{"line":48,"column":29},"end":{"line":48,"column":43}}],"line":48},"38":{"loc":{"start":{"line":49,"column":20},"end":{"line":49,"column":42}},"type":"if","locations":[{"start":{"line":49,"column":20},"end":{"line":49,"column":42}},{"start":{"line":49,"column":20},"end":{"line":49,"column":42}}],"line":49},"39":{"loc":{"start":{"line":54,"column":8},"end":{"line":54,"column":35}},"type":"if","locations":[{"start":{"line":54,"column":8},"end":{"line":54,"column":35}},{"start":{"line":54,"column":8},"end":{"line":54,"column":35}}],"line":54},"40":{"loc":{"start":{"line":54,"column":52},"end":{"line":54,"column":74}},"type":"cond-expr","locations":[{"start":{"line":54,"column":60},"end":{"line":54,"column":65}},{"start":{"line":54,"column":68},"end":{"line":54,"column":74}}],"line":54},"41":{"loc":{"start":{"line":65,"column":8},"end":{"line":70,"column":9}},"type":"switch","locations":[{"start":{"line":66,"column":12},"end":{"line":66,"column":68}},{"start":{"line":67,"column":12},"end":{"line":69,"column":38}}],"line":65}},"s":{"0":0,"1":0,"2":0,"3":0,"4":0,"5":0,"6":0,"7":0,"8":0,"9":0,"10":0,"11":0,"12":0,"13":0,"14":0,"15":0,"16":0,"17":0,"18":0,"19":0,"20":0,"21":0,"22":0,"23":0,"24":0,"25":0,"26":0,"27":0,"28":0,"29":0,"30":0,"31":0,"32":0,"33":0,"34":0,"35":0,"36":0,"37":0,"38":0,"39":0,"40":0,"41":0,"42":0,"43":0,"44":0,"45":0,"46":0,"47":0,"48":0,"49":0,"50":0,"51":0,"52":0,"53":0,"54":0,"55":0,"56":0,"57":0,"58":0,"59":0,"60":0,"61":0,"62":0,"63":0,"64":0,"65":0,"66":0,"67":0,"68":0,"69":0,"70":0,"71":0,"72":0,"73":0,"74":0,"75":0,"76":0,"77":0,"78":0,"79":0,"80":0,"81":0,"82":0,"83":0,"84":0,"85":0,"86":0,"87":0,"88":0,"89":0,"90":0,"91":0,"92":0,"93":0,"94":0,"95":0,"96":0,"97":0,"98":0,"99":0},"f":{"0":0,"1":0,"2":0,"3":0,"4":0,"5":0,"6":0,"7":0,"8":0,"9":0,"10":0,"11":0,"12":0,"13":0,"14":0,"15":0,"16":0,"17":0,"18":0,"19":0,"20":0,"21":0},"b":{"0":[0,0,0],"1":[0,0],"2":[0,0],"3":[0,0],"4":[0,0,0],"5":[0,0],"6":[0,0,0],"7":[0,0],"8":[0,0],"9":[0,0],"10":[0,0],"11":[0,0],"12":[0,0,0],"13":[0,0],"14":[0,0],"15":[0,0],"16":[0,0],"17":[0,0,0],"18":[0,0],"19":[0,0],"20":[0,0],"21":[0,0],"22":[0,0,0],"23":[0,0],"24":[0,0],"25":[0,0],"26":[0,0],"27":[0,0],"28":[0,0,0,0,0,0],"29":[0,0],"30":[0,0,0],"31":[0,0],"32":[0,0],"33":[0,0,0,0],"34":[0,0],"35":[0,0],"36":[0,0],"37":[0,0],"38":[0,0],"39":[0,0],"40":[0,0],"41":[0,0]},"inputSourceMap":null}
,"/home/chatthana/workspaces/nodeapps/projects/typecript-ddd-sample-app/src/application/index.ts": {"path":"/home/chatthana/workspaces/nodeapps/projects/typecript-ddd-sample-app/src/application/index.ts","statementMap":{},"fnMap":{},"branchMap":{},"s":{},"f":{},"b":{},"inputSourceMap":null}
,"/home/chatthana/workspaces/nodeapps/projects/typecript-ddd-sample-app/src/application/book/BookApplication.ts": {"path":"/home/chatthana/workspaces/nodeapps/projects/typecript-ddd-sample-app/src/application/book/BookApplication.ts","statementMap":{"0":{"start":{"line":2,"column":17},"end":{"line":7,"column":1}},"1":{"start":{"line":3,"column":12},"end":{"line":3,"column":28}},"2":{"start":{"line":3,"column":34},"end":{"line":3,"column":125}},"3":{"start":{"line":4,"column":4},"end":{"line":5,"column":150}},"4":{"start":{"line":4,"column":79},"end":{"line":4,"column":131}},"5":{"start":{"line":5,"column":9},"end":{"line":5,"column":150}},"6":{"start":{"line":5,"column":22},"end":{"line":5,"column":43}},"7":{"start":{"line":5,"column":58},"end":{"line":5,"column":150}},"8":{"start":{"line":5,"column":81},"end":{"line":5,"column":150}},"9":{"start":{"line":6,"column":4},"end":{"line":6,"column":66}},"10":{"start":{"line":8,"column":17},"end":{"line":10,"column":1}},"11":{"start":{"line":9,"column":4},"end":{"line":9,"column":109}},"12":{"start":{"line":9,"column":79},"end":{"line":9,"column":109}},"13":{"start":{"line":11,"column":14},"end":{"line":13,"column":1}},"14":{"start":{"line":12,"column":4},"end":{"line":12,"column":73}},"15":{"start":{"line":12,"column":36},"end":{"line":12,"column":71}},"16":{"start":{"line":14,"column":16},"end":{"line":22,"column":1}},"17":{"start":{"line":15,"column":28},"end":{"line":15,"column":110}},"18":{"start":{"line":15,"column":91},"end":{"line":15,"column":106}},"19":{"start":{"line":16,"column":4},"end":{"line":21,"column":7}},"20":{"start":{"line":17,"column":36},"end":{"line":17,"column":97}},"21":{"start":{"line":17,"column":42},"end":{"line":17,"column":70}},"22":{"start":{"line":17,"column":85},"end":{"line":17,"column":95}},"23":{"start":{"line":18,"column":35},"end":{"line":18,"column":100}},"24":{"start":{"line":18,"column":41},"end":{"line":18,"column":73}},"25":{"start":{"line":18,"column":88},"end":{"line":18,"column":98}},"26":{"start":{"line":19,"column":32},"end":{"line":19,"column":116}},"27":{"start":{"line":20,"column":8},"end":{"line":20,"column":78}},"28":{"start":{"line":23,"column":18},"end":{"line":49,"column":1}},"29":{"start":{"line":24,"column":12},"end":{"line":24,"column":104}},"30":{"start":{"line":24,"column":43},"end":{"line":24,"column":68}},"31":{"start":{"line":24,"column":57},"end":{"line":24,"column":68}},"32":{"start":{"line":24,"column":69},"end":{"line":24,"column":81}},"33":{"start":{"line":25,"column":4},"end":{"line":25,"column":157}},"34":{"start":{"line":25,"column":138},"end":{"line":25,"column":150}},"35":{"start":{"line":26,"column":23},"end":{"line":26,"column":68}},"36":{"start":{"line":26,"column":45},"end":{"line":26,"column":65}},"37":{"start":{"line":28,"column":8},"end":{"line":28,"column":70}},"38":{"start":{"line":28,"column":15},"end":{"line":28,"column":70}},"39":{"start":{"line":29,"column":8},"end":{"line":46,"column":66}},"40":{"start":{"line":29,"column":18},"end":{"line":46,"column":66}},"41":{"start":{"line":30,"column":12},"end":{"line":30,"column":169}},"42":{"start":{"line":30,"column":160},"end":{"line":30,"column":169}},"43":{"start":{"line":31,"column":12},"end":{"line":31,"column":52}},"44":{"start":{"line":31,"column":26},"end":{"line":31,"column":52}},"45":{"start":{"line":32,"column":12},"end":{"line":44,"column":13}},"46":{"start":{"line":33,"column":32},"end":{"line":33,"column":39}},"47":{"start":{"line":33,"column":40},"end":{"line":33,"column":46}},"48":{"start":{"line":34,"column":24},"end":{"line":34,"column":34}},"49":{"start":{"line":34,"column":35},"end":{"line":34,"column":72}},"50":{"start":{"line":35,"column":24},"end":{"line":35,"column":34}},"51":{"start":{"line":35,"column":35},"end":{"line":35,"column":45}},"52":{"start":{"line":35,"column":46},"end":{"line":35,"column":55}},"53":{"start":{"line":35,"column":56},"end":{"line":35,"column":65}},"54":{"start":{"line":36,"column":24},"end":{"line":36,"column":41}},"55":{"start":{"line":36,"column":42},"end":{"line":36,"column":55}},"56":{"start":{"line":36,"column":56},"end":{"line":36,"column":65}},"57":{"start":{"line":38,"column":20},"end":{"line":38,"column":128}},"58":{"start":{"line":38,"column":110},"end":{"line":38,"column":116}},"59":{"start":{"line":38,"column":117},"end":{"line":38,"column":126}},"60":{"start":{"line":39,"column":20},"end":{"line":39,"column":106}},"61":{"start":{"line":39,"column":81},"end":{"line":39,"column":97}},"62":{"start":{"line":39,"column":98},"end":{"line":39,"column":104}},"63":{"start":{"line":40,"column":20},"end":{"line":40,"column":89}},"64":{"start":{"line":40,"column":57},"end":{"line":40,"column":72}},"65":{"start":{"line":40,"column":73},"end":{"line":40,"column":80}},"66":{"start":{"line":40,"column":81},"end":{"line":40,"column":87}},"67":{"start":{"line":41,"column":20},"end":{"line":41,"column":87}},"68":{"start":{"line":41,"column":47},"end":{"line":41,"column":62}},"69":{"start":{"line":41,"column":63},"end":{"line":41,"column":78}},"70":{"start":{"line":41,"column":79},"end":{"line":41,"column":85}},"71":{"start":{"line":42,"column":20},"end":{"line":42,"column":42}},"72":{"start":{"line":42,"column":30},"end":{"line":42,"column":42}},"73":{"start":{"line":43,"column":20},"end":{"line":43,"column":33}},"74":{"start":{"line":43,"column":34},"end":{"line":43,"column":43}},"75":{"start":{"line":45,"column":12},"end":{"line":45,"column":39}},"76":{"start":{"line":46,"column":22},"end":{"line":46,"column":34}},"77":{"start":{"line":46,"column":35},"end":{"line":46,"column":41}},"78":{"start":{"line":46,"column":54},"end":{"line":46,"column":64}},"79":{"start":{"line":47,"column":8},"end":{"line":47,"column":35}},"80":{"start":{"line":47,"column":23},"end":{"line":47,"column":35}},"81":{"start":{"line":47,"column":36},"end":{"line":47,"column":89}},"82":{"start":{"line":50,"column":0},"end":{"line":50,"column":62}},"83":{"start":{"line":51,"column":0},"end":{"line":51,"column":33}},"84":{"start":{"line":52,"column":18},"end":{"line":52,"column":38}},"85":{"start":{"line":53,"column":24},"end":{"line":53,"column":63}},"86":{"start":{"line":54,"column":14},"end":{"line":54,"column":41}},"87":{"start":{"line":55,"column":13},"end":{"line":55,"column":41}},"88":{"start":{"line":56,"column":25},"end":{"line":56,"column":58}},"89":{"start":{"line":57,"column":37},"end":{"line":152,"column":3}},"90":{"start":{"line":59,"column":8},"end":{"line":59,"column":45}},"91":{"start":{"line":61,"column":4},"end":{"line":73,"column":6}},"92":{"start":{"line":62,"column":8},"end":{"line":72,"column":11}},"93":{"start":{"line":64,"column":12},"end":{"line":71,"column":15}},"94":{"start":{"line":65,"column":16},"end":{"line":70,"column":17}},"95":{"start":{"line":66,"column":28},"end":{"line":66,"column":80}},"96":{"start":{"line":68,"column":24},"end":{"line":68,"column":42}},"97":{"start":{"line":69,"column":24},"end":{"line":69,"column":53}},"98":{"start":{"line":74,"column":4},"end":{"line":88,"column":6}},"99":{"start":{"line":75,"column":8},"end":{"line":87,"column":11}},"100":{"start":{"line":77,"column":12},"end":{"line":86,"column":15}},"101":{"start":{"line":78,"column":16},"end":{"line":85,"column":17}},"102":{"start":{"line":79,"column":28},"end":{"line":79,"column":86}},"103":{"start":{"line":81,"column":24},"end":{"line":81,"column":41}},"104":{"start":{"line":82,"column":24},"end":{"line":83,"column":130}},"105":{"start":{"line":83,"column":28},"end":{"line":83,"column":130}},"106":{"start":{"line":84,"column":24},"end":{"line":84,"column":52}},"107":{"start":{"line":89,"column":4},"end":{"line":104,"column":6}},"108":{"start":{"line":90,"column":19},"end":{"line":90,"column":26}},"109":{"start":{"line":90,"column":37},"end":{"line":90,"column":46}},"110":{"start":{"line":90,"column":56},"end":{"line":90,"column":64}},"111":{"start":{"line":91,"column":8},"end":{"line":103,"column":11}},"112":{"start":{"line":93,"column":12},"end":{"line":102,"column":15}},"113":{"start":{"line":94,"column":16},"end":{"line":101,"column":17}},"114":{"start":{"line":96,"column":24},"end":{"line":96,"column":96}},"115":{"start":{"line":97,"column":24},"end":{"line":97,"column":77}},"116":{"start":{"line":99,"column":24},"end":{"line":99,"column":34}},"117":{"start":{"line":100,"column":24},"end":{"line":100,"column":46}},"118":{"start":{"line":105,"column":4},"end":{"line":126,"column":6}},"119":{"start":{"line":106,"column":19},"end":{"line":106,"column":26}},"120":{"start":{"line":106,"column":37},"end":{"line":106,"column":46}},"121":{"start":{"line":106,"column":56},"end":{"line":106,"column":64}},"122":{"start":{"line":107,"column":8},"end":{"line":125,"column":11}},"123":{"start":{"line":109,"column":12},"end":{"line":124,"column":15}},"124":{"start":{"line":110,"column":16},"end":{"line":123,"column":17}},"125":{"start":{"line":111,"column":28},"end":{"line":111,"column":86}},"126":{"start":{"line":113,"column":24},"end":{"line":113,"column":41}},"127":{"start":{"line":114,"column":24},"end":{"line":115,"column":130}},"128":{"start":{"line":115,"column":28},"end":{"line":115,"column":130}},"129":{"start":{"line":116,"column":24},"end":{"line":116,"column":43}},"130":{"start":{"line":117,"column":24},"end":{"line":117,"column":47}},"131":{"start":{"line":118,"column":24},"end":{"line":118,"column":45}},"132":{"start":{"line":119,"column":24},"end":{"line":119,"column":77}},"133":{"start":{"line":121,"column":24},"end":{"line":121,"column":34}},"134":{"start":{"line":122,"column":24},"end":{"line":122,"column":46}},"135":{"start":{"line":127,"column":4},"end":{"line":144,"column":6}},"136":{"start":{"line":128,"column":8},"end":{"line":143,"column":11}},"137":{"start":{"line":130,"column":12},"end":{"line":142,"column":15}},"138":{"start":{"line":131,"column":16},"end":{"line":141,"column":17}},"139":{"start":{"line":132,"column":28},"end":{"line":132,"column":86}},"140":{"start":{"line":134,"column":24},"end":{"line":134,"column":41}},"141":{"start":{"line":135,"column":24},"end":{"line":136,"column":130}},"142":{"start":{"line":136,"column":28},"end":{"line":136,"column":130}},"143":{"start":{"line":137,"column":24},"end":{"line":137,"column":77}},"144":{"start":{"line":139,"column":24},"end":{"line":139,"column":34}},"145":{"start":{"line":140,"column":24},"end":{"line":140,"column":46}},"146":{"start":{"line":146,"column":4},"end":{"line":150,"column":24}},"147":{"start":{"line":151,"column":4},"end":{"line":151,"column":27}},"148":{"start":{"line":153,"column":0},"end":{"line":153,"column":42}}},"fnMap":{"0":{"name":"(anonymous_0)","decl":{"start":{"line":2,"column":46},"end":{"line":2,"column":47}},"loc":{"start":{"line":2,"column":87},"end":{"line":7,"column":1}},"line":2},"1":{"name":"(anonymous_1)","decl":{"start":{"line":8,"column":46},"end":{"line":8,"column":47}},"loc":{"start":{"line":8,"column":62},"end":{"line":10,"column":1}},"line":8},"2":{"name":"(anonymous_2)","decl":{"start":{"line":11,"column":40},"end":{"line":11,"column":41}},"loc":{"start":{"line":11,"column":73},"end":{"line":13,"column":1}},"line":11},"3":{"name":"(anonymous_3)","decl":{"start":{"line":12,"column":11},"end":{"line":12,"column":12}},"loc":{"start":{"line":12,"column":34},"end":{"line":12,"column":73}},"line":12},"4":{"name":"(anonymous_4)","decl":{"start":{"line":14,"column":44},"end":{"line":14,"column":45}},"loc":{"start":{"line":14,"column":89},"end":{"line":22,"column":1}},"line":14},"5":{"name":"adopt","decl":{"start":{"line":15,"column":13},"end":{"line":15,"column":18}},"loc":{"start":{"line":15,"column":26},"end":{"line":15,"column":112}},"line":15},"6":{"name":"(anonymous_6)","decl":{"start":{"line":15,"column":70},"end":{"line":15,"column":71}},"loc":{"start":{"line":15,"column":89},"end":{"line":15,"column":108}},"line":15},"7":{"name":"(anonymous_7)","decl":{"start":{"line":16,"column":36},"end":{"line":16,"column":37}},"loc":{"start":{"line":16,"column":63},"end":{"line":21,"column":5}},"line":16},"8":{"name":"fulfilled","decl":{"start":{"line":17,"column":17},"end":{"line":17,"column":26}},"loc":{"start":{"line":17,"column":34},"end":{"line":17,"column":99}},"line":17},"9":{"name":"rejected","decl":{"start":{"line":18,"column":17},"end":{"line":18,"column":25}},"loc":{"start":{"line":18,"column":33},"end":{"line":18,"column":102}},"line":18},"10":{"name":"step","decl":{"start":{"line":19,"column":17},"end":{"line":19,"column":21}},"loc":{"start":{"line":19,"column":30},"end":{"line":19,"column":118}},"line":19},"11":{"name":"(anonymous_11)","decl":{"start":{"line":23,"column":48},"end":{"line":23,"column":49}},"loc":{"start":{"line":23,"column":73},"end":{"line":49,"column":1}},"line":23},"12":{"name":"(anonymous_12)","decl":{"start":{"line":24,"column":30},"end":{"line":24,"column":31}},"loc":{"start":{"line":24,"column":41},"end":{"line":24,"column":83}},"line":24},"13":{"name":"(anonymous_13)","decl":{"start":{"line":25,"column":125},"end":{"line":25,"column":126}},"loc":{"start":{"line":25,"column":136},"end":{"line":25,"column":152}},"line":25},"14":{"name":"verb","decl":{"start":{"line":26,"column":13},"end":{"line":26,"column":17}},"loc":{"start":{"line":26,"column":21},"end":{"line":26,"column":70}},"line":26},"15":{"name":"(anonymous_15)","decl":{"start":{"line":26,"column":30},"end":{"line":26,"column":31}},"loc":{"start":{"line":26,"column":43},"end":{"line":26,"column":67}},"line":26},"16":{"name":"step","decl":{"start":{"line":27,"column":13},"end":{"line":27,"column":17}},"loc":{"start":{"line":27,"column":22},"end":{"line":48,"column":5}},"line":27},"17":{"name":"(anonymous_17)","decl":{"start":{"line":57,"column":37},"end":{"line":57,"column":38}},"loc":{"start":{"line":57,"column":49},"end":{"line":152,"column":1}},"line":57},"18":{"name":"BookApplication","decl":{"start":{"line":58,"column":13},"end":{"line":58,"column":28}},"loc":{"start":{"line":58,"column":45},"end":{"line":60,"column":5}},"line":58},"19":{"name":"(anonymous_19)","decl":{"start":{"line":61,"column":44},"end":{"line":61,"column":45}},"loc":{"start":{"line":61,"column":56},"end":{"line":73,"column":5}},"line":61},"20":{"name":"(anonymous_20)","decl":{"start":{"line":62,"column":48},"end":{"line":62,"column":49}},"loc":{"start":{"line":62,"column":60},"end":{"line":72,"column":9}},"line":62},"21":{"name":"(anonymous_21)","decl":{"start":{"line":64,"column":37},"end":{"line":64,"column":38}},"loc":{"start":{"line":64,"column":51},"end":{"line":71,"column":13}},"line":64},"22":{"name":"(anonymous_22)","decl":{"start":{"line":74,"column":40},"end":{"line":74,"column":41}},"loc":{"start":{"line":74,"column":54},"end":{"line":88,"column":5}},"line":74},"23":{"name":"(anonymous_23)","decl":{"start":{"line":75,"column":48},"end":{"line":75,"column":49}},"loc":{"start":{"line":75,"column":60},"end":{"line":87,"column":9}},"line":75},"24":{"name":"(anonymous_24)","decl":{"start":{"line":77,"column":37},"end":{"line":77,"column":38}},"loc":{"start":{"line":77,"column":51},"end":{"line":86,"column":13}},"line":77},"25":{"name":"(anonymous_25)","decl":{"start":{"line":89,"column":43},"end":{"line":89,"column":44}},"loc":{"start":{"line":89,"column":57},"end":{"line":104,"column":5}},"line":89},"26":{"name":"(anonymous_26)","decl":{"start":{"line":91,"column":48},"end":{"line":91,"column":49}},"loc":{"start":{"line":91,"column":60},"end":{"line":103,"column":9}},"line":91},"27":{"name":"(anonymous_27)","decl":{"start":{"line":93,"column":37},"end":{"line":93,"column":38}},"loc":{"start":{"line":93,"column":51},"end":{"line":102,"column":13}},"line":93},"28":{"name":"(anonymous_28)","decl":{"start":{"line":105,"column":43},"end":{"line":105,"column":44}},"loc":{"start":{"line":105,"column":61},"end":{"line":126,"column":5}},"line":105},"29":{"name":"(anonymous_29)","decl":{"start":{"line":107,"column":48},"end":{"line":107,"column":49}},"loc":{"start":{"line":107,"column":60},"end":{"line":125,"column":9}},"line":107},"30":{"name":"(anonymous_30)","decl":{"start":{"line":109,"column":37},"end":{"line":109,"column":38}},"loc":{"start":{"line":109,"column":51},"end":{"line":124,"column":13}},"line":109},"31":{"name":"(anonymous_31)","decl":{"start":{"line":127,"column":43},"end":{"line":127,"column":44}},"loc":{"start":{"line":127,"column":57},"end":{"line":144,"column":5}},"line":127},"32":{"name":"(anonymous_32)","decl":{"start":{"line":128,"column":47},"end":{"line":128,"column":48}},"loc":{"start":{"line":128,"column":59},"end":{"line":143,"column":9}},"line":128},"33":{"name":"(anonymous_33)","decl":{"start":{"line":130,"column":37},"end":{"line":130,"column":38}},"loc":{"start":{"line":130,"column":51},"end":{"line":142,"column":13}},"line":130}},"branchMap":{"0":{"loc":{"start":{"line":2,"column":17},"end":{"line":7,"column":1}},"type":"binary-expr","locations":[{"start":{"line":2,"column":18},"end":{"line":2,"column":22}},{"start":{"line":2,"column":26},"end":{"line":2,"column":41}},{"start":{"line":2,"column":46},"end":{"line":7,"column":1}}],"line":2},"1":{"loc":{"start":{"line":3,"column":34},"end":{"line":3,"column":125}},"type":"cond-expr","locations":[{"start":{"line":3,"column":42},"end":{"line":3,"column":48}},{"start":{"line":3,"column":51},"end":{"line":3,"column":125}}],"line":3},"2":{"loc":{"start":{"line":3,"column":51},"end":{"line":3,"column":125}},"type":"cond-expr","locations":[{"start":{"line":3,"column":67},"end":{"line":3,"column":118}},{"start":{"line":3,"column":121},"end":{"line":3,"column":125}}],"line":3},"3":{"loc":{"start":{"line":4,"column":4},"end":{"line":5,"column":150}},"type":"if","locations":[{"start":{"line":4,"column":4},"end":{"line":5,"column":150}},{"start":{"line":4,"column":4},"end":{"line":5,"column":150}}],"line":4},"4":{"loc":{"start":{"line":4,"column":8},"end":{"line":4,"column":77}},"type":"binary-expr","locations":[{"start":{"line":4,"column":8},"end":{"line":4,"column":35}},{"start":{"line":4,"column":39},"end":{"line":4,"column":77}}],"line":4},"5":{"loc":{"start":{"line":5,"column":58},"end":{"line":5,"column":150}},"type":"if","locations":[{"start":{"line":5,"column":58},"end":{"line":5,"column":150}},{"start":{"line":5,"column":58},"end":{"line":5,"column":150}}],"line":5},"6":{"loc":{"start":{"line":5,"column":85},"end":{"line":5,"column":149}},"type":"binary-expr","locations":[{"start":{"line":5,"column":86},"end":{"line":5,"column":143}},{"start":{"line":5,"column":148},"end":{"line":5,"column":149}}],"line":5},"7":{"loc":{"start":{"line":5,"column":86},"end":{"line":5,"column":143}},"type":"cond-expr","locations":[{"start":{"line":5,"column":94},"end":{"line":5,"column":98}},{"start":{"line":5,"column":101},"end":{"line":5,"column":143}}],"line":5},"8":{"loc":{"start":{"line":5,"column":101},"end":{"line":5,"column":143}},"type":"cond-expr","locations":[{"start":{"line":5,"column":109},"end":{"line":5,"column":126}},{"start":{"line":5,"column":129},"end":{"line":5,"column":143}}],"line":5},"9":{"loc":{"start":{"line":6,"column":11},"end":{"line":6,"column":62}},"type":"binary-expr","locations":[{"start":{"line":6,"column":11},"end":{"line":6,"column":16}},{"start":{"line":6,"column":20},"end":{"line":6,"column":21}},{"start":{"line":6,"column":25},"end":{"line":6,"column":62}}],"line":6},"10":{"loc":{"start":{"line":8,"column":17},"end":{"line":10,"column":1}},"type":"binary-expr","locations":[{"start":{"line":8,"column":18},"end":{"line":8,"column":22}},{"start":{"line":8,"column":26},"end":{"line":8,"column":41}},{"start":{"line":8,"column":46},"end":{"line":10,"column":1}}],"line":8},"11":{"loc":{"start":{"line":9,"column":4},"end":{"line":9,"column":109}},"type":"if","locations":[{"start":{"line":9,"column":4},"end":{"line":9,"column":109}},{"start":{"line":9,"column":4},"end":{"line":9,"column":109}}],"line":9},"12":{"loc":{"start":{"line":9,"column":8},"end":{"line":9,"column":77}},"type":"binary-expr","locations":[{"start":{"line":9,"column":8},"end":{"line":9,"column":35}},{"start":{"line":9,"column":39},"end":{"line":9,"column":77}}],"line":9},"13":{"loc":{"start":{"line":11,"column":14},"end":{"line":13,"column":1}},"type":"binary-expr","locations":[{"start":{"line":11,"column":15},"end":{"line":11,"column":19}},{"start":{"line":11,"column":23},"end":{"line":11,"column":35}},{"start":{"line":11,"column":40},"end":{"line":13,"column":1}}],"line":11},"14":{"loc":{"start":{"line":14,"column":16},"end":{"line":22,"column":1}},"type":"binary-expr","locations":[{"start":{"line":14,"column":17},"end":{"line":14,"column":21}},{"start":{"line":14,"column":25},"end":{"line":14,"column":39}},{"start":{"line":14,"column":44},"end":{"line":22,"column":1}}],"line":14},"15":{"loc":{"start":{"line":15,"column":35},"end":{"line":15,"column":109}},"type":"cond-expr","locations":[{"start":{"line":15,"column":56},"end":{"line":15,"column":61}},{"start":{"line":15,"column":64},"end":{"line":15,"column":109}}],"line":15},"16":{"loc":{"start":{"line":16,"column":16},"end":{"line":16,"column":34}},"type":"binary-expr","locations":[{"start":{"line":16,"column":16},"end":{"line":16,"column":17}},{"start":{"line":16,"column":22},"end":{"line":16,"column":33}}],"line":16},"17":{"loc":{"start":{"line":19,"column":32},"end":{"line":19,"column":115}},"type":"cond-expr","locations":[{"start":{"line":19,"column":46},"end":{"line":19,"column":67}},{"start":{"line":19,"column":70},"end":{"line":19,"column":115}}],"line":19},"18":{"loc":{"start":{"line":20,"column":51},"end":{"line":20,"column":67}},"type":"binary-expr","locations":[{"start":{"line":20,"column":51},"end":{"line":20,"column":61}},{"start":{"line":20,"column":65},"end":{"line":20,"column":67}}],"line":20},"19":{"loc":{"start":{"line":23,"column":18},"end":{"line":49,"column":1}},"type":"binary-expr","locations":[{"start":{"line":23,"column":19},"end":{"line":23,"column":23}},{"start":{"line":23,"column":27},"end":{"line":23,"column":43}},{"start":{"line":23,"column":48},"end":{"line":49,"column":1}}],"line":23},"20":{"loc":{"start":{"line":24,"column":43},"end":{"line":24,"column":68}},"type":"if","locations":[{"start":{"line":24,"column":43},"end":{"line":24,"column":68}},{"start":{"line":24,"column":43},"end":{"line":24,"column":68}}],"line":24},"21":{"loc":{"start":{"line":25,"column":71},"end":{"line":25,"column":153}},"type":"binary-expr","locations":[{"start":{"line":25,"column":71},"end":{"line":25,"column":99}},{"start":{"line":25,"column":104},"end":{"line":25,"column":152}}],"line":25},"22":{"loc":{"start":{"line":28,"column":8},"end":{"line":28,"column":70}},"type":"if","locations":[{"start":{"line":28,"column":8},"end":{"line":28,"column":70}},{"start":{"line":28,"column":8},"end":{"line":28,"column":70}}],"line":28},"23":{"loc":{"start":{"line":30,"column":12},"end":{"line":30,"column":169}},"type":"if","locations":[{"start":{"line":30,"column":12},"end":{"line":30,"column":169}},{"start":{"line":30,"column":12},"end":{"line":30,"column":169}}],"line":30},"24":{"loc":{"start":{"line":30,"column":23},"end":{"line":30,"column":158}},"type":"binary-expr","locations":[{"start":{"line":30,"column":23},"end":{"line":30,"column":24}},{"start":{"line":30,"column":29},"end":{"line":30,"column":125}},{"start":{"line":30,"column":130},"end":{"line":30,"column":158}}],"line":30},"25":{"loc":{"start":{"line":30,"column":33},"end":{"line":30,"column":125}},"type":"cond-expr","locations":[{"start":{"line":30,"column":45},"end":{"line":30,"column":56}},{"start":{"line":30,"column":59},"end":{"line":30,"column":125}}],"line":30},"26":{"loc":{"start":{"line":30,"column":59},"end":{"line":30,"column":125}},"type":"cond-expr","locations":[{"start":{"line":30,"column":67},"end":{"line":30,"column":116}},{"start":{"line":30,"column":119},"end":{"line":30,"column":125}}],"line":30},"27":{"loc":{"start":{"line":30,"column":67},"end":{"line":30,"column":116}},"type":"binary-expr","locations":[{"start":{"line":30,"column":67},"end":{"line":30,"column":77}},{"start":{"line":30,"column":82},"end":{"line":30,"column":115}}],"line":30},"28":{"loc":{"start":{"line":30,"column":82},"end":{"line":30,"column":112}},"type":"binary-expr","locations":[{"start":{"line":30,"column":83},"end":{"line":30,"column":98}},{"start":{"line":30,"column":103},"end":{"line":30,"column":112}}],"line":30},"29":{"loc":{"start":{"line":31,"column":12},"end":{"line":31,"column":52}},"type":"if","locations":[{"start":{"line":31,"column":12},"end":{"line":31,"column":52}},{"start":{"line":31,"column":12},"end":{"line":31,"column":52}}],"line":31},"30":{"loc":{"start":{"line":32,"column":12},"end":{"line":44,"column":13}},"type":"switch","locations":[{"start":{"line":33,"column":16},"end":{"line":33,"column":23}},{"start":{"line":33,"column":24},"end":{"line":33,"column":46}},{"start":{"line":34,"column":16},"end":{"line":34,"column":72}},{"start":{"line":35,"column":16},"end":{"line":35,"column":65}},{"start":{"line":36,"column":16},"end":{"line":36,"column":65}},{"start":{"line":37,"column":16},"end":{"line":43,"column":43}}],"line":32},"31":{"loc":{"start":{"line":38,"column":20},"end":{"line":38,"column":128}},"type":"if","locations":[{"start":{"line":38,"column":20},"end":{"line":38,"column":128}},{"start":{"line":38,"column":20},"end":{"line":38,"column":128}}],"line":38},"32":{"loc":{"start":{"line":38,"column":24},"end":{"line":38,"column":106}},"type":"binary-expr","locations":[{"start":{"line":38,"column":24},"end":{"line":38,"column":74}},{"start":{"line":38,"column":79},"end":{"line":38,"column":90}},{"start":{"line":38,"column":94},"end":{"line":38,"column":105}}],"line":38},"33":{"loc":{"start":{"line":38,"column":42},"end":{"line":38,"column":73}},"type":"binary-expr","locations":[{"start":{"line":38,"column":42},"end":{"line":38,"column":54}},{"start":{"line":38,"column":58},"end":{"line":38,"column":73}}],"line":38},"34":{"loc":{"start":{"line":39,"column":20},"end":{"line":39,"column":106}},"type":"if","locations":[{"start":{"line":39,"column":20},"end":{"line":39,"column":106}},{"start":{"line":39,"column":20},"end":{"line":39,"column":106}}],"line":39},"35":{"loc":{"start":{"line":39,"column":24},"end":{"line":39,"column":77}},"type":"binary-expr","locations":[{"start":{"line":39,"column":24},"end":{"line":39,"column":35}},{"start":{"line":39,"column":40},"end":{"line":39,"column":42}},{"start":{"line":39,"column":47},"end":{"line":39,"column":59}},{"start":{"line":39,"column":63},"end":{"line":39,"column":75}}],"line":39},"36":{"loc":{"start":{"line":40,"column":20},"end":{"line":40,"column":89}},"type":"if","locations":[{"start":{"line":40,"column":20},"end":{"line":40,"column":89}},{"start":{"line":40,"column":20},"end":{"line":40,"column":89}}],"line":40},"37":{"loc":{"start":{"line":40,"column":24},"end":{"line":40,"column":53}},"type":"binary-expr","locations":[{"start":{"line":40,"column":24},"end":{"line":40,"column":35}},{"start":{"line":40,"column":39},"end":{"line":40,"column":53}}],"line":40},"38":{"loc":{"start":{"line":41,"column":20},"end":{"line":41,"column":87}},"type":"if","locations":[{"start":{"line":41,"column":20},"end":{"line":41,"column":87}},{"start":{"line":41,"column":20},"end":{"line":41,"column":87}}],"line":41},"39":{"loc":{"start":{"line":41,"column":24},"end":{"line":41,"column":43}},"type":"binary-expr","locations":[{"start":{"line":41,"column":24},"end":{"line":41,"column":25}},{"start":{"line":41,"column":29},"end":{"line":41,"column":43}}],"line":41},"40":{"loc":{"start":{"line":42,"column":20},"end":{"line":42,"column":42}},"type":"if","locations":[{"start":{"line":42,"column":20},"end":{"line":42,"column":42}},{"start":{"line":42,"column":20},"end":{"line":42,"column":42}}],"line":42},"41":{"loc":{"start":{"line":47,"column":8},"end":{"line":47,"column":35}},"type":"if","locations":[{"start":{"line":47,"column":8},"end":{"line":47,"column":35}},{"start":{"line":47,"column":8},"end":{"line":47,"column":35}}],"line":47},"42":{"loc":{"start":{"line":47,"column":52},"end":{"line":47,"column":74}},"type":"cond-expr","locations":[{"start":{"line":47,"column":60},"end":{"line":47,"column":65}},{"start":{"line":47,"column":68},"end":{"line":47,"column":74}}],"line":47},"43":{"loc":{"start":{"line":65,"column":16},"end":{"line":70,"column":17}},"type":"switch","locations":[{"start":{"line":66,"column":20},"end":{"line":66,"column":80}},{"start":{"line":67,"column":20},"end":{"line":69,"column":53}}],"line":65},"44":{"loc":{"start":{"line":78,"column":16},"end":{"line":85,"column":17}},"type":"switch","locations":[{"start":{"line":79,"column":20},"end":{"line":79,"column":86}},{"start":{"line":80,"column":20},"end":{"line":84,"column":52}}],"line":78},"45":{"loc":{"start":{"line":82,"column":24},"end":{"line":83,"column":130}},"type":"if","locations":[{"start":{"line":82,"column":24},"end":{"line":83,"column":130}},{"start":{"line":82,"column":24},"end":{"line":83,"column":130}}],"line":82},"46":{"loc":{"start":{"line":94,"column":16},"end":{"line":101,"column":17}},"type":"switch","locations":[{"start":{"line":95,"column":20},"end":{"line":97,"column":77}},{"start":{"line":98,"column":20},"end":{"line":100,"column":46}}],"line":94},"47":{"loc":{"start":{"line":110,"column":16},"end":{"line":123,"column":17}},"type":"switch","locations":[{"start":{"line":111,"column":20},"end":{"line":111,"column":86}},{"start":{"line":112,"column":20},"end":{"line":119,"column":77}},{"start":{"line":120,"column":20},"end":{"line":122,"column":46}}],"line":110},"48":{"loc":{"start":{"line":114,"column":24},"end":{"line":115,"column":130}},"type":"if","locations":[{"start":{"line":114,"column":24},"end":{"line":115,"column":130}},{"start":{"line":114,"column":24},"end":{"line":115,"column":130}}],"line":114},"49":{"loc":{"start":{"line":131,"column":16},"end":{"line":141,"column":17}},"type":"switch","locations":[{"start":{"line":132,"column":20},"end":{"line":132,"column":86}},{"start":{"line":133,"column":20},"end":{"line":137,"column":77}},{"start":{"line":138,"column":20},"end":{"line":140,"column":46}}],"line":131},"50":{"loc":{"start":{"line":135,"column":24},"end":{"line":136,"column":130}},"type":"if","locations":[{"start":{"line":135,"column":24},"end":{"line":136,"column":130}},{"start":{"line":135,"column":24},"end":{"line":136,"column":130}}],"line":135},"51":{"loc":{"start":{"line":149,"column":41},"end":{"line":149,"column":177}},"type":"cond-expr","locations":[{"start":{"line":149,"column":166},"end":{"line":149,"column":168}},{"start":{"line":149,"column":171},"end":{"line":149,"column":177}}],"line":149},"52":{"loc":{"start":{"line":149,"column":54},"end":{"line":149,"column":147}},"type":"binary-expr","locations":[{"start":{"line":149,"column":54},"end":{"line":149,"column":110}},{"start":{"line":149,"column":114},"end":{"line":149,"column":147}}],"line":149}},"s":{"0":1,"1":1,"2":1,"3":1,"4":1,"5":0,"6":0,"7":0,"8":0,"9":1,"10":1,"11":1,"12":1,"13":1,"14":1,"15":1,"16":1,"17":7,"18":7,"19":5,"20":7,"21":7,"22":0,"23":0,"24":0,"25":0,"26":12,"27":5,"28":1,"29":5,"30":7,"31":0,"32":7,"33":5,"34":0,"35":15,"36":12,"37":12,"38":0,"39":12,"40":24,"41":24,"42":0,"43":24,"44":0,"45":24,"46":12,"47":12,"48":7,"49":7,"50":0,"51":0,"52":0,"53":0,"54":0,"55":0,"56":0,"57":5,"58":5,"59":5,"60":0,"61":0,"62":0,"63":0,"64":0,"65":0,"66":0,"67":0,"68":0,"69":0,"70":0,"71":0,"72":0,"73":0,"74":0,"75":12,"76":0,"77":0,"78":24,"79":5,"80":0,"81":5,"82":1,"83":1,"84":1,"85":1,"86":1,"87":1,"88":1,"89":1,"90":5,"91":1,"92":1,"93":1,"94":2,"95":1,"96":1,"97":1,"98":1,"99":1,"100":1,"101":2,"102":1,"103":1,"104":1,"105":0,"106":1,"107":1,"108":1,"109":1,"110":1,"111":1,"112":1,"113":2,"114":1,"115":1,"116":1,"117":1,"118":1,"119":1,"120":1,"121":1,"122":1,"123":1,"124":3,"125":1,"126":1,"127":1,"128":0,"129":1,"130":1,"131":1,"132":1,"133":1,"134":1,"135":1,"136":1,"137":1,"138":3,"139":1,"140":1,"141":1,"142":0,"143":1,"144":1,"145":1,"146":1,"147":1,"148":1},"f":{"0":1,"1":1,"2":1,"3":1,"4":5,"5":7,"6":7,"7":5,"8":7,"9":0,"10":12,"11":5,"12":7,"13":0,"14":15,"15":12,"16":12,"17":1,"18":5,"19":1,"20":1,"21":2,"22":1,"23":1,"24":2,"25":1,"26":1,"27":2,"28":1,"29":1,"30":3,"31":1,"32":1,"33":3},"b":{"0":[1,1,1],"1":[1,0],"2":[0,0],"3":[1,0],"4":[1,1],"5":[0,0],"6":[0,0],"7":[0,0],"8":[0,0],"9":[1,0,0],"10":[1,1,1],"11":[1,0],"12":[1,1],"13":[1,1,1],"14":[1,1,1],"15":[0,7],"16":[5,1],"17":[5,7],"18":[5,5],"19":[1,1,1],"20":[0,7],"21":[5,5],"22":[0,12],"23":[0,24],"24":[24,0,0],"25":[0,0],"26":[0,0],"27":[0,0],"28":[0,0],"29":[0,24],"30":[12,12,7,0,0,5],"31":[5,0],"32":[5,5,5],"33":[5,0],"34":[0,0],"35":[0,0,0,0],"36":[0,0],"37":[0,0],"38":[0,0],"39":[0,0],"40":[0,0],"41":[0,5],"42":[5,0],"43":[1,1],"44":[1,1],"45":[0,1],"46":[1,1],"47":[1,1,1],"48":[0,1],"49":[1,1,1],"50":[0,1],"51":[0,1],"52":[1,0]},"inputSourceMap":null,"_coverageSchema":"1a1c01bbd47fc00a2c39e90264f33305004495a9","hash":"7f320ca2a79d365aab1bdcedb7ac5edd8995a299"}
,"/home/chatthana/workspaces/nodeapps/projects/typecript-ddd-sample-app/src/config/main.ts": {"path":"/home/chatthana/workspaces/nodeapps/projects/typecript-ddd-sample-app/src/config/main.ts","statementMap":{"0":{"start":{"line":2,"column":0},"end":{"line":2,"column":62}},"1":{"start":{"line":3,"column":0},"end":{"line":7,"column":2}}},"fnMap":{},"branchMap":{"0":{"loc":{"start":{"line":4,"column":14},"end":{"line":4,"column":44}},"type":"binary-expr","locations":[{"start":{"line":4,"column":14},"end":{"line":4,"column":34}},{"start":{"line":4,"column":38},"end":{"line":4,"column":44}}],"line":4},"1":{"loc":{"start":{"line":5,"column":17},"end":{"line":5,"column":71}},"type":"binary-expr","locations":[{"start":{"line":5,"column":17},"end":{"line":5,"column":40}},{"start":{"line":5,"column":44},"end":{"line":5,"column":71}}],"line":5},"2":{"loc":{"start":{"line":6,"column":13},"end":{"line":6,"column":47}},"type":"binary-expr","locations":[{"start":{"line":6,"column":13},"end":{"line":6,"column":32}},{"start":{"line":6,"column":36},"end":{"line":6,"column":47}}],"line":6}},"s":{"0":0,"1":0},"f":{},"b":{"0":[0,0],"1":[0,0],"2":[0,0]},"inputSourceMap":null}
,"/home/chatthana/workspaces/nodeapps/projects/typecript-ddd-sample-app/src/constants/types.ts": {"path":"/home/chatthana/workspaces/nodeapps/projects/typecript-ddd-sample-app/src/constants/types.ts","statementMap":{"0":{"start":{"line":2,"column":0},"end":{"line":2,"column":62}},"1":{"start":{"line":3,"column":0},"end":{"line":3,"column":23}},"2":{"start":{"line":4,"column":0},"end":{"line":13,"column":2}}},"fnMap":{},"branchMap":{},"s":{"0":1,"1":1,"2":1},"f":{},"b":{},"inputSourceMap":null,"_coverageSchema":"1a1c01bbd47fc00a2c39e90264f33305004495a9","hash":"afd7e38912b8749d3c0743d1cfc900125b9b00e1"}
[...]
"line":2,"column":22}},{"start":{"line":2,"column":26},"end":{"line":2,"column":41}},{"start":{"line":2,"column":46},"end":{"line":7,"column":1}}],"line":2},"1":{"loc":{"start":{"line":3,"column":34},"end":{"line":3,"column":125}},"type":"cond-expr","locations":[{"start":{"line":3,"column":42},"end":{"line":3,"column":48}},{"start":{"line":3,"column":51},"end":{"line":3,"column":125}}],"line":3},"2":{"loc":{"start":{"line":3,"column":51},"end":{"line":3,"column":125}},"type":"cond-expr","locations":[{"start":{"line":3,"column":67},"end":{"line":3,"column":118}},{"start":{"line":3,"column":121},"end":{"line":3,"column":125}}],"line":3},"3":{"loc":{"start":{"line":4,"column":4},"end":{"line":5,"column":150}},"type":"if","locations":[{"start":{"line":4,"column":4},"end":{"line":5,"column":150}},{"start":{"line":4,"column":4},"end":{"line":5,"column":150}}],"line":4},"4":{"loc":{"start":{"line":4,"column":8},"end":{"line":4,"column":77}},"type":"binary-expr","locations":[{"start":{"line":4,"column":8},"end":{"line":4,"column":35}},{"start":{"line":4,"column":39},"end":{"line":4,"column":77}}],"line":4},"5":{"loc":{"start":{"line":5,"column":58},"end":{"line":5,"column":150}},"type":"if","locations":[{"start":{"line":5,"column":58},"end":{"line":5,"column":150}},{"start":{"line":5,"column":58},"end":{"line":5,"column":150}}],"line":5},"6":{"loc":{"start":{"line":5,"column":85},"end":{"line":5,"column":149}},"type":"binary-expr","locations":[{"start":{"line":5,"column":86},"end":{"line":5,"column":143}},{"start":{"line":5,"column":148},"end":{"line":5,"column":149}}],"line":5},"7":{"loc":{"start":{"line":5,"column":86},"end":{"line":5,"column":143}},"type":"cond-expr","locations":[{"start":{"line":5,"column":94},"end":{"line":5,"column":98}},{"start":{"line":5,"column":101},"end":{"line":5,"column":143}}],"line":5},"8":{"loc":{"start":{"line":5,"column":101},"end":{"line":5,"column":143}},"type":"cond-expr","locations":[{"start":{"line":5,"column":109},"end":{"line":5,"column":126}},{"start":{"line":5,"column":129},"end":{"line":5,"column":143}}],"line":5},"9":{"loc":{"start":{"line":6,"column":11},"end":{"line":6,"column":62}},"type":"binary-expr","locations":[{"start":{"line":6,"column":11},"end":{"line":6,"column":16}},{"start":{"line":6,"column":20},"end":{"line":6,"column":21}},{"start":{"line":6,"column":25},"end":{"line":6,"column":62}}],"line":6},"10":{"loc":{"start":{"line":8,"column":17},"end":{"line":10,"column":1}},"type":"binary-expr","locations":[{"start":{"line":8,"column":18},"end":{"line":8,"column":22}},{"start":{"line":8,"column":26},"end":{"line":8,"column":41}},{"start":{"line":8,"column":46},"end":{"line":10,"column":1}}],"line":8},"11":{"loc":{"start":{"line":9,"column":4},"end":{"line":9,"column":109}},"type":"if","locations":[{"start":{"line":9,"column":4},"end":{"line":9,"column":109}},{"start":{"line":9,"column":4},"end":{"line":9,"column":109}}],"line":9},"12":{"loc":{"start":{"line":9,"column":8},"end":{"line":9,"column":77}},"type":"binary-expr","locations":[{"start":{"line":9,"column":8},"end":{"line":9,"column":35}},{"start":{"line":9,"column":39},"end":{"line":9,"column":77}}],"line":9},"13":{"loc":{"start":{"line":11,"column":14},"end":{"line":13,"column":1}},"type":"binary-expr","locations":[{"start":{"line":11,"column":15},"end":{"line":11,"column":19}},{"start":{"line":11,"column":23},"end":{"line":11,"column":35}},{"start":{"line":11,"column":40},"end":{"line":13,"column":1}}],"line":11},"14":{"loc":{"start":{"line":14,"column":16},"end":{"line":22,"column":1}},"type":"binary-expr","locations":[{"start":{"line":14,"column":17},"end":{"line":14,"column":21}},{"start":{"line":14,"column":25},"end":{"line":14,"column":39}},{"start":{"line":14,"column":44},"end":{"line":22,"column":1}}],"line":14},"15":{"loc":{"start":{"line":15,"column":35},"end":{"line":15,"column":109}},"type":"cond-expr","locations":[{"start":{"line":15,"column":56},"end":{"line":15,"column":61}},{"start":{"line":15,"column":64},"end":{"line":15,"column":109}}],"line":15},"16":{"loc":{"start":{"line":16,"column":16},"end":{"line":16,"column":34}},"type":"binary-expr","locations":[{"start":{"line":16,"column":16},"end":{"line":16,"column":17}},{"start":{"line":16,"column":22},"end":{"line":16,"column":33}}],"line":16},"17":{"loc":{"start":{"line":19,"column":32},"end":{"line":19,"column":115}},"type":"cond-expr","locations":[{"start":{"line":19,"column":46},"end":{"line":19,"column":67}},{"start":{"line":19,"column":70},"end":{"line":19,"column":115}}],"line":19},"18":{"loc":{"start":{"line":20,"column":51},"end":{"line":20,"column":67}},"type":"binary-expr","locations":[{"start":{"line":20,"column":51},"end":{"line":20,"column":61}},{"start":{"line":20,"column":65},"end":{"line":20,"column":67}}],"line":20},"19":{"loc":{"start":{"line":23,"column":18},"end":{"line":49,"column":1}},"type":"binary-expr","locations":[{"start":{"line":23,"column":19},"end":{"line":23,"column":23}},{"start":{"line":23,"column":27},"end":{"line":23,"column":43}},{"start":{"line":23,"column":48},"end":{"line":49,"column":1}}],"line":23},"20":{"loc":{"start":{"line":24,"column":43},"end":{"line":24,"column":68}},"type":"if","locations":[{"start":{"line":24,"column":43},"end":{"line":24,"column":68}},{"start":{"line":24,"column":43},"end":{"line":24,"column":68}}],"line":24},"21":{"loc":{"start":{"line":25,"column":71},"end":{"line":25,"column":153}},"type":"binary-expr","locations":[{"start":{"line":25,"column":71},"end":{"line":25,"column":99}},{"start":{"line":25,"column":104},"end":{"line":25,"column":152}}],"line":25},"22":{"loc":{"start":{"line":28,"column":8},"end":{"line":28,"column":70}},"type":"if","locations":[{"start":{"line":28,"column":8},"end":{"line":28,"column":70}},{"start":{"line":28,"column":8},"end":{"line":28,"column":70}}],"line":28},"23":{"loc":{"start":{"line":30,"column":12},"end":{"line":30,"column":169}},"type":"if","locations":[{"start":{"line":30,"column":12},"end":{"line":30,"column":169}},{"start":{"line":30,"column":12},"end":{"line":30,"column":169}}],"line":30},"24":{"loc":{"start":{"line":30,"column":23},"end":{"line":30,"column":158}},"type":"binary-expr","locations":[{"start":{"line":30,"column":23},"end":{"line":30,"column":24}},{"start":{"line":30,"column":29},"end":{"line":30,"column":125}},{"start":{"line":30,"column":130},"end":{"line":30,"column":158}}],"line":30},"25":{"loc":{"start":{"line":30,"column":33},"end":{"line":30,"column":125}},"type":"cond-expr","locations":[{"start":{"line":30,"column":45},"end":{"line":30,"column":56}},{"start":{"line":30,"column":59},"end":{"line":30,"column":125}}],"line":30},"26":{"loc":{"start":{"line":30,"column":59},"end":{"line":30,"column":125}},"type":"cond-expr","locations":[{"start":{"line":30,"column":67},"end":{"line":30,"column":116}},{"start":{"line":30,"column":119},"end":{"line":30,"column":125}}],"line":30},"27":{"loc":{"start":{"line":30,"column":67},"end":{"line":30,"column":116}},"type":"binary-expr","locations":[{"start":{"line":30,"column":67},"end":{"line":30,"column":77}},{"start":{"line":30,"column":82},"end":{"line":30,"column":115}}],"line":30},"28":{"loc":{"start":{"line":30,"column":82},"end":{"line":30,"column":112}},"type":"binary-expr","locations":[{"start":{"line":30,"column":83},"end":{"line":30,"column":98}},{"start":{"line":30,"column":103},"end":{"line":30,"column":112}}],"line":30},"29":{"loc":{"start":{"line":31,"column":12},"end":{"line":31,"column":52}},"type":"if","locations":[{"start":{"line":31,"column":12},"end":{"line":31,"column":52}},{"start":{"line":31,"column":12},"end":{"line":31,"column":52}}],"line":31},"30":{"loc":{"start":{"line":32,"column":12},"end":{"line":44,"column":13}},"type":"switch","locations":[{"start":{"line":33,"column":16},"end":{"line":33,"column":23}},{"start":{"line":33,"column":24},"end":{"line":33,"column":46}},{"start":{"line":34,"column":16},"end":{"line":34,"column":72}},{"start":{"line":35,"column":16},"end":{"line":35,"column":65}},{"start":{"line":36,"column":16},"end":{"line":36,"column":65}},{"start":{"line":37,"column":16},"end":{"line":43,"column":43}}],"line":32},"31":{"loc":{"start":{"line":38,"column":20},"end":{"line":38,"column":128}},"type":"if","locations":[{"start":{"line":38,"column":20},"end":{"line":38,"column":128}},{"start":{"line":38,"column":20},"end":{"line":38,"column":128}}],"line":38},"32":{"loc":{"start":{"line":38,"column":24},"end":{"line":38,"column":106}},"type":"binary-expr","locations":[{"start":{"line":38,"column":24},"end":{"line":38,"column":74}},{"start":{"line":38,"column":79},"end":{"line":38,"column":90}},{"start":{"line":38,"column":94},"end":{"line":38,"column":105}}],"line":38},"33":{"loc":{"start":{"line":38,"column":42},"end":{"line":38,"column":73}},"type":"binary-expr","locations":[{"start":{"line":38,"column":42},"end":{"line":38,"column":54}},{"start":{"line":38,"column":58},"end":{"line":38,"column":73}}],"line":38},"34":{"loc":{"start":{"line":39,"column":20},"end":{"line":39,"column":106}},"type":"if","locations":[{"start":{"line":39,"column":20},"end":{"line":39,"column":106}},{"start":{"line":39,"column":20},"end":{"line":39,"column":106}}],"line":39},"35":{"loc":{"start":{"line":39,"column":24},"end":{"line":39,"column":77}},"type":"binary-expr","locations":[{"start":{"line":39,"column":24},"end":{"line":39,"column":35}},{"start":{"line":39,"column":40},"end":{"line":39,"column":42}},{"start":{"line":39,"column":47},"end":{"line":39,"column":59}},{"start":{"line":39,"column":63},"end":{"line":39,"column":75}}],"line":39},"36":{"loc":{"start":{"line":40,"column":20},"end":{"line":40,"column":89}},"type":"if","locations":[{"start":{"line":40,"column":20},"end":{"line":40,"column":89}},{"start":{"line":40,"column":20},"end":{"line":40,"column":89}}],"line":40},"37":{"loc":{"start":{"line":40,"column":24},"end":{"line":40,"column":53}},"type":"binary-expr","locations":[{"start":{"line":40,"column":24},"end":{"line":40,"column":35}},{"start":{"line":40,"column":39},"end":{"line":40,"column":53}}],"line":40},"38":{"loc":{"start":{"line":41,"column":20},"end":{"line":41,"column":87}},"type":"if","locations":[{"start":{"line":41,"column":20},"end":{"line":41,"column":87}},{"start":{"line":41,"column":20},"end":{"line":41,"column":87}}],"line":41},"39":{"loc":{"start":{"line":41,"column":24},"end":{"line":41,"column":43}},"type":"binary-expr","locations":[{"start":{"line":41,"column":24},"end":{"line":41,"column":25}},{"start":{"line":41,"column":29},"end":{"line":41,"column":43}}],"line":41},"40":{"loc":{"start":{"line":42,"column":20},"end":{"line":42,"column":42}},"type":"if","locations":[{"start":{"line":42,"column":20},"end":{"line":42,"column":42}},{"start":{"line":42,"column":20},"end":{"line":42,"column":42}}],"line":42},"41":{"loc":{"start":{"line":47,"column":8},"end":{"line":47,"column":35}},"type":"if","locations":[{"start":{"line":47,"column":8},"end":{"line":47,"column":35}},{"start":{"line":47,"column":8},"end":{"line":47,"column":35}}],"line":47},"42":{"loc":{"start":{"line":47,"column":52},"end":{"line":47,"column":74}},"type":"cond-expr","locations":[{"start":{"line":47,"column":60},"end":{"line":47,"column":65}},{"start":{"line":47,"column":68},"end":{"line":47,"column":74}}],"line":47},"43":{"loc":{"start":{"line":70,"column":41},"end":{"line":70,"column":145}},"type":"cond-expr","locations":[{"start":{"line":70,"column":134},"end":{"line":70,"column":136}},{"start":{"line":70,"column":139},"end":{"line":70,"column":145}}],"line":70},"44":{"loc":{"start":{"line":70,"column":54},"end":{"line":70,"column":115}},"type":"binary-expr","locations":[{"start":{"line":70,"column":54},"end":{"line":70,"column":94}},{"start":{"line":70,"column":98},"end":{"line":70,"column":115}}],"line":70},"45":{"loc":{"start":{"line":70,"column":147},"end":{"line":70,"column":253}},"type":"cond-expr","locations":[{"start":{"line":70,"column":242},"end":{"line":70,"column":244}},{"start":{"line":70,"column":247},"end":{"line":70,"column":253}}],"line":70},"46":{"loc":{"start":{"line":70,"column":160},"end":{"line":70,"column":223}},"type":"binary-expr","locations":[{"start":{"line":70,"column":160},"end":{"line":70,"column":201}},{"start":{"line":70,"column":205},"end":{"line":70,"column":223}}],"line":70}},"s":{"0":0,"1":0,"2":0,"3":0,"4":0,"5":0,"6":0,"7":0,"8":0,"9":0,"10":0,"11":0,"12":0,"13":0,"14":0,"15":0,"16":0,"17":0,"18":0,"19":0,"20":0,"21":0,"22":0,"23":0,"24":0,"25":0,"26":0,"27":0,"28":0,"29":0,"30":0,"31":0,"32":0,"33":0,"34":0,"35":0,"36":0,"37":0,"38":0,"39":0,"40":0,"41":0,"42":0,"43":0,"44":0,"45":0,"46":0,"47":0,"48":0,"49":0,"50":0,"51":0,"52":0,"53":0,"54":0,"55":0,"56":0,"57":0,"58":0,"59":0,"60":0,"61":0,"62":0,"63":0,"64":0,"65":0,"66":0,"67":0,"68":0,"69":0,"70":0,"71":0,"72":0,"73":0,"74":0,"75":0,"76":0,"77":0,"78":0,"79":0,"80":0,"81":0,"82":0,"83":0,"84":0,"85":0,"86":0,"87":0,"88":0,"89":0,"90":0,"91":0,"92":0,"93":0,"94":0,"95":0},"f":{"0":0,"1":0,"2":0,"3":0,"4":0,"5":0,"6":0,"7":0,"8":0,"9":0,"10":0,"11":0,"12":0,"13":0,"14":0,"15":0,"16":0,"17":0,"18":0,"19":0,"20":0,"21":0},"b":{"0":[0,0,0],"1":[0,0],"2":[0,0],"3":[0,0],"4":[0,0],"5":[0,0],"6":[0,0],"7":[0,0],"8":[0,0],"9":[0,0,0],"10":[0,0,0],"11":[0,0],"12":[0,0],"13":[0,0,0],"14":[0,0,0],"15":[0,0],"16":[0,0],"17":[0,0],"18":[0,0],"19":[0,0,0],"20":[0,0],"21":[0,0],"22":[0,0],"23":[0,0],"24":[0,0,0],"25":[0,0],"26":[0,0],"27":[0,0],"28":[0,0],"29":[0,0],"30":[0,0,0,0,0,0],"31":[0,0],"32":[0,0,0],"33":[0,0],"34":[0,0],"35":[0,0,0,0],"36":[0,0],"37":[0,0],"38":[0,0],"39":[0,0],"40":[0,0],"41":[0,0],"42":[0,0],"43":[0,0],"44":[0,0],"45":[0,0],"46":[0,0]},"inputSourceMap":null}
,"/home/chatthana/workspaces/nodeapps/projects/typecript-ddd-sample-app/src/interfaces/http/controllers/index.ts": {"path":"/home/chatthana/workspaces/nodeapps/projects/typecript-ddd-sample-app/src/interfaces/http/controllers/index.ts","statementMap":{"0":{"start":{"line":2,"column":22},"end":{"line":8,"column":3}},"1":{"start":{"line":3,"column":4},"end":{"line":3,"column":33}},"2":{"start":{"line":3,"column":26},"end":{"line":3,"column":33}},"3":{"start":{"line":4,"column":4},"end":{"line":4,"column":89}},"4":{"start":{"line":4,"column":71},"end":{"line":4,"column":83}},"5":{"start":{"line":6,"column":4},"end":{"line":6,"column":33}},"6":{"start":{"line":6,"column":26},"end":{"line":6,"column":33}},"7":{"start":{"line":7,"column":4},"end":{"line":7,"column":17}},"8":{"start":{"line":9,"column":19},"end":{"line":11,"column":1}},"9":{"start":{"line":10,"column":4},"end":{"line":10,"column":103}},"10":{"start":{"line":10,"column":21},"end":{"line":10,"column":103}},"11":{"start":{"line":10,"column":72},"end":{"line":10,"column":103}},"12":{"start":{"line":12,"column":0},"end":{"line":12,"column":62}},"13":{"start":{"line":13,"column":0},"end":{"line":13,"column":53}},"14":{"start":{"line":14,"column":0},"end":{"line":14,"column":51}}},"fnMap":{"0":{"name":"(anonymous_0)","decl":{"start":{"line":2,"column":74},"end":{"line":2,"column":75}},"loc":{"start":{"line":2,"column":96},"end":{"line":5,"column":1}},"line":2},"1":{"name":"(anonymous_1)","decl":{"start":{"line":4,"column":58},"end":{"line":4,"column":59}},"loc":{"start":{"line":4,"column":69},"end":{"line":4,"column":85}},"line":4},"2":{"name":"(anonymous_2)","decl":{"start":{"line":5,"column":6},"end":{"line":5,"column":7}},"loc":{"start":{"line":5,"column":28},"end":{"line":8,"column":1}},"line":5},"3":{"name":"(anonymous_3)","decl":{"start":{"line":9,"column":50},"end":{"line":9,"column":51}},"loc":{"start":{"line":9,"column":71},"end":{"line":11,"column":1}},"line":9}},"branchMap":{"0":{"loc":{"start":{"line":2,"column":22},"end":{"line":8,"column":3}},"type":"binary-expr","locations":[{"start":{"line":2,"column":23},"end":{"line":2,"column":27}},{"start":{"line":2,"column":31},"end":{"line":2,"column":51}},{"start":{"line":2,"column":57},"end":{"line":8,"column":2}}],"line":2},"1":{"loc":{"start":{"line":2,"column":57},"end":{"line":8,"column":2}},"type":"cond-expr","locations":[{"start":{"line":2,"column":74},"end":{"line":5,"column":1}},{"start":{"line":5,"column":6},"end":{"line":8,"column":1}}],"line":2},"2":{"loc":{"start":{"line":3,"column":4},"end":{"line":3,"column":33}},"type":"if","locations":[{"start":{"line":3,"column":4},"end":{"line":3,"column":33}},{"start":{"line":3,"column":4},"end":{"line":3,"column":33}}],"line":3},"3":{"loc":{"start":{"line":6,"column":4},"end":{"line":6,"column":33}},"type":"if","locations":[{"start":{"line":6,"column":4},"end":{"line":6,"column":33}},{"start":{"line":6,"column":4},"end":{"line":6,"column":33}}],"line":6},"4":{"loc":{"start":{"line":9,"column":19},"end":{"line":11,"column":1}},"type":"binary-expr","locations":[{"start":{"line":9,"column":20},"end":{"line":9,"column":24}},{"start":{"line":9,"column":28},"end":{"line":9,"column":45}},{"start":{"line":9,"column":50},"end":{"line":11,"column":1}}],"line":9},"5":{"loc":{"start":{"line":10,"column":21},"end":{"line":10,"column":103}},"type":"if","locations":[{"start":{"line":10,"column":21},"end":{"line":10,"column":103}},{"start":{"line":10,"column":21},"end":{"line":10,"column":103}}],"line":10},"6":{"loc":{"start":{"line":10,"column":25},"end":{"line":10,"column":70}},"type":"binary-expr","locations":[{"start":{"line":10,"column":25},"end":{"line":10,"column":40}},{"start":{"line":10,"column":44},"end":{"line":10,"column":70}}],"line":10}},"s":{"0":0,"1":0,"2":0,"3":0,"4":0,"5":0,"6":0,"7":0,"8":0,"9":0,"10":0,"11":0,"12":0,"13":0,"14":0},"f":{"0":0,"1":0,"2":0,"3":0},"b":{"0":[0,0,0],"1":[0,0],"2":[0,0],"3":[0,0],"4":[0,0,0],"5":[0,0],"6":[0,0]},"inputSourceMap":null}
,"/home/chatthana/workspaces/nodeapps/projects/typecript-ddd-sample-app/src/interfaces/http/middlewares/ErrorHandler.ts": {"path":"/home/chatthana/workspaces/nodeapps/projects/typecript-ddd-sample-app/src/interfaces/http/middlewares/ErrorHandler.ts","statementMap":{"0":{"start":{"line":2,"column":0},"end":{"line":2,"column":62}},"1":{"start":{"line":3,"column":0},"end":{"line":3,"column":30}},"2":{"start":{"line":4,"column":26},"end":{"line":4,"column":54}},"3":{"start":{"line":6,"column":0},"end":{"line":13,"column":2}},"4":{"start":{"line":7,"column":4},"end":{"line":7,"column":44}},"5":{"start":{"line":8,"column":4},"end":{"line":8,"column":21}},"6":{"start":{"line":9,"column":4},"end":{"line":12,"column":7}}},"fnMap":{"0":{"name":"(anonymous_0)","decl":{"start":{"line":6,"column":23},"end":{"line":6,"column":24}},"loc":{"start":{"line":6,"column":54},"end":{"line":13,"column":1}},"line":6}},"branchMap":{"0":{"loc":{"start":{"line":10,"column":16},"end":{"line":10,"column":39}},"type":"binary-expr","locations":[{"start":{"line":10,"column":16},"end":{"line":10,"column":30}},{"start":{"line":10,"column":34},"end":{"line":10,"column":39}}],"line":10}},"s":{"0":0,"1":0,"2":0,"3":0,"4":0,"5":0,"6":0},"f":{"0":0},"b":{"0":[0,0]},"inputSourceMap":null}
,"/home/chatthana/workspaces/nodeapps/projects/typecript-ddd-sample-app/src/interfaces/http/processors/response.ts": {"path":"/home/chatthana/workspaces/nodeapps/projects/typecript-ddd-sample-app/src/interfaces/http/processors/response.ts","statementMap":{"0":{"start":{"line":2,"column":0},"end":{"line":2,"column":62}},"1":{"start":{"line":3,"column":0},"end":{"line":3,"column":20}},"2":{"start":{"line":4,"column":0},"end":{"line":8,"column":6}},"3":{"start":{"line":4,"column":40},"end":{"line":8,"column":3}}},"fnMap":{"0":{"name":"(anonymous_0)","decl":{"start":{"line":4,"column":13},"end":{"line":4,"column":14}},"loc":{"start":{"line":4,"column":38},"end":{"line":8,"column":5}},"line":4}},"branchMap":{"0":{"loc":{"start":{"line":6,"column":13},"end":{"line":6,"column":33}},"type":"binary-expr","locations":[{"start":{"line":6,"column":13},"end":{"line":6,"column":20}},{"start":{"line":6,"column":24},"end":{"line":6,"column":33}}],"line":6}},"s":{"0":0,"1":0,"2":0,"3":0},"f":{"0":0},"b":{"0":[0,0]},"inputSourceMap":null}
}
