TN:
SF:src/entrypoint.ts
FN:2,(anonymous_0)
FN:3,adopt
FN:3,(anonymous_2)
FN:4,(anonymous_3)
FN:5,fulfilled
FN:6,rejected
FN:7,step
FN:11,(anonymous_7)
FN:12,(anonymous_8)
FN:13,(anonymous_9)
FN:14,verb
FN:14,(anonymous_11)
FN:15,step
FN:38,(anonymous_13)
FN:54,(anonymous_14)
FN:54,(anonymous_15)
FN:56,(anonymous_16)
FN:68,(anonymous_17)
FN:74,(anonymous_18)
FN:78,(anonymous_19)
FNF:20
FNH:0
FNDA:0,(anonymous_0)
FNDA:0,adopt
FNDA:0,(anonymous_2)
FNDA:0,(anonymous_3)
FNDA:0,fulfilled
FNDA:0,rejected
FNDA:0,step
FNDA:0,(anonymous_7)
FNDA:0,(anonymous_8)
FNDA:0,(anonymous_9)
FNDA:0,verb
FNDA:0,(anonymous_11)
FNDA:0,step
FNDA:0,(anonymous_13)
FNDA:0,(anonymous_14)
FNDA:0,(anonymous_15)
FNDA:0,(anonymous_16)
FNDA:0,(anonymous_17)
FNDA:0,(anonymous_18)
FNDA:0,(anonymous_19)
DA:2,0
DA:3,0
DA:4,0
DA:5,0
DA:6,0
DA:7,0
DA:8,0
DA:11,0
DA:12,0
DA:13,0
DA:14,0
DA:16,0
DA:17,0
DA:18,0
DA:19,0
DA:20,0
DA:21,0
DA:22,0
DA:23,0
DA:24,0
DA:26,0
DA:27,0
DA:28,0
DA:29,0
DA:30,0
DA:31,0
DA:33,0
DA:34,0
DA:35,0
DA:38,0
DA:39,0
DA:41,0
DA:42,0
DA:43,0
DA:44,0
DA:45,0
DA:46,0
DA:47,0
DA:48,0
DA:49,0
DA:50,0
DA:51,0
DA:52,0
DA:53,0
DA:54,0
DA:56,0
DA:57,0
DA:59,0
DA:60,0
DA:62,0
DA:63,0
DA:64,0
DA:65,0
DA:66,0
DA:67,0
DA:68,0
DA:69,0
DA:72,0
DA:74,0
DA:75,0
DA:77,0
DA:78,0
DA:79,0
DA:82,0
DA:86,0
LF:65
LH:0
BRDA:2,0,0,0
BRDA:2,0,1,0
BRDA:2,0,2,0
BRDA:3,1,0,0
BRDA:3,1,1,0
BRDA:4,2,0,0
BRDA:4,2,1,0
BRDA:7,3,0,0
BRDA:7,3,1,0
BRDA:8,4,0,0
BRDA:8,4,1,0
BRDA:11,5,0,0
BRDA:11,5,1,0
BRDA:11,5,2,0
BRDA:12,6,0,0
BRDA:12,6,1,0
BRDA:13,7,0,0
BRDA:13,7,1,0
BRDA:16,8,0,0
BRDA:16,8,1,0
BRDA:18,9,0,0
BRDA:18,9,1,0
BRDA:18,10,0,0
BRDA:18,10,1,0
BRDA:18,10,2,0
BRDA:18,11,0,0
BRDA:18,11,1,0
BRDA:18,12,0,0
BRDA:18,12,1,0
BRDA:18,13,0,0
BRDA:18,13,1,0
BRDA:18,14,0,0
BRDA:18,14,1,0
BRDA:19,15,0,0
BRDA:19,15,1,0
BRDA:20,16,0,0
BRDA:20,16,1,0
BRDA:20,16,2,0
BRDA:20,16,3,0
BRDA:20,16,4,0
BRDA:20,16,5,0
BRDA:26,17,0,0
BRDA:26,17,1,0
BRDA:26,18,0,0
BRDA:26,18,1,0
BRDA:26,18,2,0
BRDA:26,19,0,0
BRDA:26,19,1,0
BRDA:27,20,0,0
BRDA:27,20,1,0
BRDA:27,21,0,0
BRDA:27,21,1,0
BRDA:27,21,2,0
BRDA:27,21,3,0
BRDA:28,22,0,0
BRDA:28,22,1,0
BRDA:28,23,0,0
BRDA:28,23,1,0
BRDA:29,24,0,0
BRDA:29,24,1,0
BRDA:29,25,0,0
BRDA:29,25,1,0
BRDA:30,26,0,0
BRDA:30,26,1,0
BRDA:35,27,0,0
BRDA:35,27,1,0
BRDA:35,28,0,0
BRDA:35,28,1,0
BRDA:38,29,0,0
BRDA:38,29,1,0
BRDA:38,29,2,0
BRDA:39,30,0,0
BRDA:39,30,1,0
BRDA:39,31,0,0
BRDA:39,31,1,0
BRDA:57,32,0,0
BRDA:57,32,1,0
BRF:77
BRH:0
end_of_record
TN:
SF:src/index.ts
FN:2,(anonymous_0)
FN:4,(anonymous_1)
FN:5,(anonymous_2)
FN:9,(anonymous_3)
FN:11,(anonymous_4)
FN:14,(anonymous_5)
FN:21,(anonymous_6)
FN:22,adopt
FN:22,(anonymous_8)
FN:23,(anonymous_9)
FN:24,fulfilled
FN:25,rejected
FN:26,step
FN:30,(anonymous_13)
FN:31,(anonymous_14)
FN:32,(anonymous_15)
FN:33,verb
FN:33,(anonymous_17)
FN:34,step
FN:63,(anonymous_19)
FN:63,(anonymous_20)
FN:64,(anonymous_21)
FNF:22
FNH:0
FNDA:0,(anonymous_0)
FNDA:0,(anonymous_1)
FNDA:0,(anonymous_2)
FNDA:0,(anonymous_3)
FNDA:0,(anonymous_4)
FNDA:0,(anonymous_5)
FNDA:0,(anonymous_6)
FNDA:0,adopt
FNDA:0,(anonymous_8)
FNDA:0,(anonymous_9)
FNDA:0,fulfilled
FNDA:0,rejected
FNDA:0,step
FNDA:0,(anonymous_13)
FNDA:0,(anonymous_14)
FNDA:0,(anonymous_15)
FNDA:0,verb
FNDA:0,(anonymous_17)
FNDA:0,step
FNDA:0,(anonymous_19)
FNDA:0,(anonymous_20)
FNDA:0,(anonymous_21)
DA:2,0
DA:3,0
DA:4,0
DA:6,0
DA:7,0
DA:9,0
DA:10,0
DA:12,0
DA:14,0
DA:15,0
DA:16,0
DA:17,0
DA:18,0
DA:19,0
DA:21,0
DA:22,0
DA:23,0
DA:24,0
DA:25,0
DA:26,0
DA:27,0
DA:30,0
DA:31,0
DA:32,0
DA:33,0
DA:35,0
DA:36,0
DA:37,0
DA:38,0
DA:39,0
DA:40,0
DA:41,0
DA:42,0
DA:43,0
DA:45,0
DA:46,0
DA:47,0
DA:48,0
DA:49,0
DA:50,0
DA:52,0
DA:53,0
DA:54,0
DA:57,0
DA:58,0
DA:59,0
DA:60,0
DA:61,0
DA:62,0
DA:63,0
DA:64,0
DA:65,0
DA:66,0
DA:68,0
DA:69,0
LF:55
LH:0
BRDA:2,0,0,0
BRDA:2,0,1,0
BRDA:2,0,2,0
BRDA:2,1,0,0
BRDA:2,1,1,0
BRDA:3,2,0,0
BRDA:3,2,1,0
BRDA:6,3,0,0
BRDA:6,3,1,0
BRDA:9,4,0,0
BRDA:9,4,1,0
BRDA:9,4,2,0
BRDA:9,5,0,0
BRDA:9,5,1,0
BRDA:14,6,0,0
BRDA:14,6,1,0
BRDA:14,6,2,0
BRDA:15,7,0,0
BRDA:15,7,1,0
BRDA:15,8,0,0
BRDA:15,8,1,0
BRDA:17,9,0,0
BRDA:17,9,1,0
BRDA:17,10,0,0
BRDA:17,10,1,0
BRDA:17,11,0,0
BRDA:17,11,1,0
BRDA:21,12,0,0
BRDA:21,12,1,0
BRDA:21,12,2,0
BRDA:22,13,0,0
BRDA:22,13,1,0
BRDA:23,14,0,0
BRDA:23,14,1,0
BRDA:26,15,0,0
BRDA:26,15,1,0
BRDA:27,16,0,0
BRDA:27,16,1,0
BRDA:30,17,0,0
BRDA:30,17,1,0
BRDA:30,17,2,0
BRDA:31,18,0,0
BRDA:31,18,1,0
BRDA:32,19,0,0
BRDA:32,19,1,0
BRDA:35,20,0,0
BRDA:35,20,1,0
BRDA:37,21,0,0
BRDA:37,21,1,0
BRDA:37,22,0,0
BRDA:37,22,1,0
BRDA:37,22,2,0
BRDA:37,23,0,0
BRDA:37,23,1,0
BRDA:37,24,0,0
BRDA:37,24,1,0
BRDA:37,25,0,0
BRDA:37,25,1,0
BRDA:37,26,0,0
BRDA:37,26,1,0
BRDA:38,27,0,0
BRDA:38,27,1,0
BRDA:39,28,0,0
BRDA:39,28,1,0
BRDA:39,28,2,0
BRDA:39,28,3,0
BRDA:39,28,4,0
BRDA:39,28,5,0
BRDA:45,29,0,0
BRDA:45,29,1,0
BRDA:45,30,0,0
BRDA:45,30,1,0
BRDA:45,30,2,0
BRDA:45,31,0,0
BRDA:45,31,1,0
BRDA:46,32,0,0
BRDA:46,32,1,0
BRDA:46,33,0,0
BRDA:46,33,1,0
BRDA:46,33,2,0
BRDA:46,33,3,0
BRDA:47,34,0,0
BRDA:47,34,1,0
BRDA:47,35,0,0
BRDA:47,35,1,0
BRDA:48,36,0,0
BRDA:48,36,1,0
BRDA:48,37,0,0
BRDA:48,37,1,0
BRDA:49,38,0,0
BRDA:49,38,1,0
BRDA:54,39,0,0
BRDA:54,39,1,0
BRDA:54,40,0,0
BRDA:54,40,1,0
BRDA:65,41,0,0
BRDA:65,41,1,0
BRF:97
BRH:0
end_of_record
TN:
SF:src/application/index.ts
FNF:0
FNH:0
LF:0
LH:0
BRF:0
BRH:0
end_of_record
TN:
SF:src/application/book/BookApplication.ts
FN:2,(anonymous_0)
FN:8,(anonymous_1)
FN:11,(anonymous_2)
FN:12,(anonymous_3)
FN:14,(anonymous_4)
FN:15,adopt
FN:15,(anonymous_6)
FN:16,(anonymous_7)
FN:17,fulfilled
FN:18,rejected
FN:19,step
FN:23,(anonymous_11)
FN:24,(anonymous_12)
FN:25,(anonymous_13)
FN:26,verb
FN:26,(anonymous_15)
FN:27,step
FN:57,(anonymous_17)
FN:58,BookApplication
FN:61,(anonymous_19)
FN:62,(anonymous_20)
FN:64,(anonymous_21)
FN:74,(anonymous_22)
FN:75,(anonymous_23)
FN:77,(anonymous_24)
FN:89,(anonymous_25)
FN:91,(anonymous_26)
FN:93,(anonymous_27)
FN:105,(anonymous_28)
FN:107,(anonymous_29)
FN:109,(anonymous_30)
FN:127,(anonymous_31)
FN:128,(anonymous_32)
FN:130,(anonymous_33)
FNF:34
FNH:32
FNDA:1,(anonymous_0)
FNDA:1,(anonymous_1)
FNDA:1,(anonymous_2)
FNDA:1,(anonymous_3)
FNDA:5,(anonymous_4)
FNDA:7,adopt
FNDA:7,(anonymous_6)
FNDA:5,(anonymous_7)
FNDA:7,fulfilled
FNDA:0,rejected
FNDA:12,step
FNDA:5,(anonymous_11)
FNDA:7,(anonymous_12)
FNDA:0,(anonymous_13)
FNDA:15,verb
FNDA:12,(anonymous_15)
FNDA:12,step
FNDA:1,(anonymous_17)
FNDA:5,BookApplication
FNDA:1,(anonymous_19)
FNDA:1,(anonymous_20)
FNDA:2,(anonymous_21)
FNDA:1,(anonymous_22)
FNDA:1,(anonymous_23)
FNDA:2,(anonymous_24)
FNDA:1,(anonymous_25)
FNDA:1,(anonymous_26)
FNDA:2,(anonymous_27)
FNDA:1,(anonymous_28)
FNDA:1,(anonymous_29)
FNDA:3,(anonymous_30)
FNDA:1,(anonymous_31)
FNDA:1,(anonymous_32)
FNDA:3,(anonymous_33)
DA:2,1
DA:3,1
DA:4,1
DA:5,0
DA:6,1
DA:8,1
DA:9,1
DA:11,1
DA:12,1
DA:14,1
DA:15,7
DA:16,5
DA:17,7
DA:18,0
DA:19,12
DA:20,5
DA:23,1
DA:24,7
DA:25,5
DA:26,15
DA:28,12
DA:29,24
DA:30,24
DA:31,24
DA:32,24
DA:33,12
DA:34,7
DA:35,0
DA:36,0
DA:38,5
DA:39,0
DA:40,0
DA:41,0
DA:42,0
DA:43,0
DA:45,12
DA:46,24
DA:47,5
DA:50,1
DA:51,1
DA:52,1
DA:53,1
DA:54,1
DA:55,1
DA:56,1
DA:57,1
DA:59,5
DA:61,1
DA:62,1
DA:64,1
DA:65,2
DA:66,1
DA:68,1
DA:69,1
DA:74,1
DA:75,1
DA:77,1
DA:78,2
DA:79,1
DA:81,1
DA:82,1
DA:83,0
DA:84,1
DA:89,1
DA:90,1
DA:91,1
DA:93,1
DA:94,2
DA:96,1
DA:97,1
DA:99,1
DA:100,1
DA:105,1
DA:106,1
DA:107,1
DA:109,1
DA:110,3
DA:111,1
DA:113,1
DA:114,1
DA:115,0
DA:116,1
DA:117,1
DA:118,1
DA:119,1
DA:121,1
DA:122,1
DA:127,1
DA:128,1
DA:130,1
DA:131,3
DA:132,1
DA:134,1
DA:135,1
DA:136,0
DA:137,1
DA:139,1
DA:140,1
DA:146,1
DA:151,1
DA:153,1
LF:101
LH:89
BRDA:2,0,0,1
BRDA:2,0,1,1
BRDA:2,0,2,1
BRDA:3,1,0,1
BRDA:3,1,1,0
BRDA:3,2,0,0
BRDA:3,2,1,0
BRDA:4,3,0,1
BRDA:4,3,1,0
BRDA:4,4,0,1
BRDA:4,4,1,1
BRDA:5,5,0,0
BRDA:5,5,1,0
BRDA:5,6,0,0
BRDA:5,6,1,0
BRDA:5,7,0,0
BRDA:5,7,1,0
BRDA:5,8,0,0
BRDA:5,8,1,0
BRDA:6,9,0,1
BRDA:6,9,1,0
BRDA:6,9,2,0
BRDA:8,10,0,1
BRDA:8,10,1,1
BRDA:8,10,2,1
BRDA:9,11,0,1
BRDA:9,11,1,0
BRDA:9,12,0,1
BRDA:9,12,1,1
BRDA:11,13,0,1
BRDA:11,13,1,1
BRDA:11,13,2,1
BRDA:14,14,0,1
BRDA:14,14,1,1
BRDA:14,14,2,1
BRDA:15,15,0,0
BRDA:15,15,1,7
BRDA:16,16,0,5
BRDA:16,16,1,1
BRDA:19,17,0,5
BRDA:19,17,1,7
BRDA:20,18,0,5
BRDA:20,18,1,5
BRDA:23,19,0,1
BRDA:23,19,1,1
BRDA:23,19,2,1
BRDA:24,20,0,0
BRDA:24,20,1,7
BRDA:25,21,0,5
BRDA:25,21,1,5
BRDA:28,22,0,0
BRDA:28,22,1,12
BRDA:30,23,0,0
BRDA:30,23,1,24
BRDA:30,24,0,24
BRDA:30,24,1,0
BRDA:30,24,2,0
BRDA:30,25,0,0
BRDA:30,25,1,0
BRDA:30,26,0,0
BRDA:30,26,1,0
BRDA:30,27,0,0
BRDA:30,27,1,0
BRDA:30,28,0,0
BRDA:30,28,1,0
BRDA:31,29,0,0
BRDA:31,29,1,24
BRDA:32,30,0,12
BRDA:32,30,1,12
BRDA:32,30,2,7
BRDA:32,30,3,0
BRDA:32,30,4,0
BRDA:32,30,5,5
BRDA:38,31,0,5
BRDA:38,31,1,0
BRDA:38,32,0,5
BRDA:38,32,1,5
BRDA:38,32,2,5
BRDA:38,33,0,5
BRDA:38,33,1,0
BRDA:39,34,0,0
BRDA:39,34,1,0
BRDA:39,35,0,0
BRDA:39,35,1,0
BRDA:39,35,2,0
BRDA:39,35,3,0
BRDA:40,36,0,0
BRDA:40,36,1,0
BRDA:40,37,0,0
BRDA:40,37,1,0
BRDA:41,38,0,0
BRDA:41,38,1,0
BRDA:41,39,0,0
BRDA:41,39,1,0
BRDA:42,40,0,0
BRDA:42,40,1,0
BRDA:47,41,0,0
BRDA:47,41,1,5
BRDA:47,42,0,5
BRDA:47,42,1,0
BRDA:65,43,0,1
BRDA:65,43,1,1
BRDA:78,44,0,1
BRDA:78,44,1,1
BRDA:82,45,0,0
BRDA:82,45,1,1
BRDA:94,46,0,1
BRDA:94,46,1,1
BRDA:110,47,0,1
BRDA:110,47,1,1
BRDA:110,47,2,1
BRDA:114,48,0,0
BRDA:114,48,1,1
BRDA:131,49,0,1
BRDA:131,49,1,1
BRDA:131,49,2,1
BRDA:135,50,0,0
BRDA:135,50,1,1
BRDA:149,51,0,0
BRDA:149,51,1,1
BRDA:149,52,0,1
BRDA:149,52,1,0
BRF:122
BRH:65
end_of_record
TN:
SF:src/config/main.ts
FNF:0
FNH:0
DA:2,0
DA:3,0
LF:2
LH:0
BRDA:4,0,0,0
BRDA:4,0,1,0
BRDA:5,1,0,0
BRDA:5,1,1,0
BRDA:6,2,0,0
BRDA:6,2,1,0
BRF:6
BRH:0
end_of_record
TN:
SF:src/constants/types.ts
FNF:0
FNH:0
DA:2,1
DA:3,1
DA:4,1
LF:3
LH:3
BRF:0
BRH:0
end_of_record
TN:
SF:src/core/ApplicationError.ts
FN:2,(anonymous_0)
FN:3,(anonymous_1)
FN:5,(anonymous_2)
FN:6,(anonymous_3)
FN:9,(anonymous_4)
FN:11,__
FN:17,(anonymous_6)
FN:19,ApplicationError
FNF:8
FNH:5
FNDA:1,(anonymous_0)
FNDA:1,(anonymous_1)
FNDA:0,(anonymous_2)
FNDA:0,(anonymous_3)
FNDA:1,(anonymous_4)
FNDA:1,__
FNDA:1,(anonymous_6)
FNDA:0,ApplicationError
DA:2,1
DA:3,1
DA:4,1
DA:5,0
DA:6,0
DA:7,1
DA:9,1
DA:10,1
DA:11,1
DA:12,1
DA:15,1
DA:16,1
DA:17,1
DA:18,1
DA:20,0
DA:21,0
DA:22,0
DA:24,1
DA:26,1
LF:19
LH:14
BRDA:2,0,0,1
BRDA:2,0,1,1
BRDA:2,0,2,1
BRDA:4,1,0,1
BRDA:4,1,1,0
BRDA:4,1,2,0
BRDA:4,1,3,0
BRDA:6,2,0,0
BRDA:6,2,1,0
BRDA:12,3,0,0
BRDA:12,3,1,1
BRDA:20,4,0,0
BRDA:20,4,1,0
BRF:13
BRH:5
end_of_record
TN:
SF:src/core/Entity.ts
FN:5,(anonymous_0)
FN:6,Entity
FNF:2
FNH:2
FNDA:1,(anonymous_0)
FNDA:1,Entity
DA:2,1
DA:3,1
DA:4,1
DA:5,1
DA:7,1
DA:9,1
DA:11,1
LF:7
LH:7
BRDA:7,0,0,1
BRDA:7,0,1,1
BRF:2
BRH:2
end_of_record
TN:
SF:src/core/IDataMapper.ts
FNF:0
FNH:0
DA:2,0
LF:1
LH:0
BRF:0
BRH:0
end_of_record
TN:
SF:src/core/IRepository.ts
FNF:0
FNH:0
DA:2,0
LF:1
LH:0
BRF:0
BRH:0
end_of_record
TN:
SF:src/domain/book/Book.ts
FN:2,(anonymous_0)
FN:3,(anonymous_1)
FN:5,(anonymous_2)
FN:6,(anonymous_3)
FN:9,(anonymous_4)
FN:11,__
FN:18,(anonymous_6)
FN:20,Book
FN:28,(anonymous_8)
FN:31,(anonymous_9)
FN:34,(anonymous_10)
FN:37,(anonymous_11)
FNF:12
FNH:7
FNDA:1,(anonymous_0)
FNDA:1,(anonymous_1)
FNDA:0,(anonymous_2)
FNDA:0,(anonymous_3)
FNDA:1,(anonymous_4)
FNDA:1,__
FNDA:1,(anonymous_6)
FNDA:1,Book
FNDA:0,(anonymous_8)
FNDA:0,(anonymous_9)
FNDA:0,(anonymous_10)
FNDA:1,(anonymous_11)
DA:2,1
DA:3,1
DA:4,1
DA:5,0
DA:6,0
DA:7,1
DA:9,1
DA:10,1
DA:11,1
DA:12,1
DA:15,1
DA:16,1
DA:17,1
DA:18,1
DA:19,1
DA:21,1
DA:22,1
DA:23,1
DA:24,1
DA:25,1
DA:26,1
DA:28,1
DA:29,0
DA:31,1
DA:32,0
DA:34,1
DA:35,0
DA:37,1
DA:38,1
DA:40,1
DA:42,1
LF:31
LH:26
BRDA:2,0,0,1
BRDA:2,0,1,1
BRDA:2,0,2,1
BRDA:4,1,0,1
BRDA:4,1,1,0
BRDA:4,1,2,0
BRDA:4,1,3,0
BRDA:6,2,0,0
BRDA:6,2,1,0
BRDA:12,3,0,0
BRDA:12,3,1,1
BRDA:22,4,0,1
BRDA:22,4,1,1
BRF:13
BRH:7
end_of_record
TN:
SF:src/domain/book/IBookRepository.ts
FNF:0
FNH:0
DA:2,1
LF:1
LH:1
BRF:0
BRH:0
end_of_record
TN:
SF:src/infrastructure/dataMapper/BookDataMapper.ts
FN:2,(anonymous_0)
FN:12,(anonymous_1)
FN:13,BookDataMapper
FN:15,(anonymous_3)
FN:19,(anonymous_4)
FNF:5
FNH:0
FNDA:0,(anonymous_0)
FNDA:0,(anonymous_1)
FNDA:0,BookDataMapper
FNDA:0,(anonymous_3)
FNDA:0,(anonymous_4)
DA:2,0
DA:3,0
DA:4,0
DA:5,0
DA:6,0
DA:8,0
DA:9,0
DA:10,0
DA:11,0
DA:12,0
DA:15,0
DA:16,0
DA:17,0
DA:19,0
DA:20,0
DA:22,0
DA:25,0
DA:27,0
LF:18
LH:0
BRDA:2,0,0,0
BRDA:2,0,1,0
BRDA:2,0,2,0
BRDA:3,1,0,0
BRDA:3,1,1,0
BRDA:3,2,0,0
BRDA:3,2,1,0
BRDA:4,3,0,0
BRDA:4,3,1,0
BRDA:4,4,0,0
BRDA:4,4,1,0
BRDA:5,5,0,0
BRDA:5,5,1,0
BRDA:5,6,0,0
BRDA:5,6,1,0
BRDA:5,7,0,0
BRDA:5,7,1,0
BRDA:5,8,0,0
BRDA:5,8,1,0
BRDA:6,9,0,0
BRDA:6,9,1,0
BRDA:6,9,2,0
BRF:22
BRH:0
end_of_record
TN:
SF:src/infrastructure/db/mongodb.ts
FN:2,(anonymous_0)
FN:3,adopt
FN:3,(anonymous_2)
FN:4,(anonymous_3)
FN:5,fulfilled
FN:6,rejected
FN:7,step
FN:11,(anonymous_7)
FN:12,(anonymous_8)
FN:13,(anonymous_9)
FN:14,verb
FN:14,(anonymous_11)
FN:15,step
FN:38,(anonymous_13)
FN:45,(anonymous_14)
FN:50,(anonymous_15)
FN:51,(anonymous_16)
FN:52,(anonymous_17)
FN:53,(anonymous_18)
FNF:19
FNH:0
FNDA:0,(anonymous_0)
FNDA:0,adopt
FNDA:0,(anonymous_2)
FNDA:0,(anonymous_3)
FNDA:0,fulfilled
FNDA:0,rejected
FNDA:0,step
FNDA:0,(anonymous_7)
FNDA:0,(anonymous_8)
FNDA:0,(anonymous_9)
FNDA:0,verb
FNDA:0,(anonymous_11)
FNDA:0,step
FNDA:0,(anonymous_13)
FNDA:0,(anonymous_14)
FNDA:0,(anonymous_15)
FNDA:0,(anonymous_16)
FNDA:0,(anonymous_17)
FNDA:0,(anonymous_18)
DA:2,0
DA:3,0
DA:4,0
DA:5,0
DA:6,0
DA:7,0
DA:8,0
DA:11,0
DA:12,0
DA:13,0
DA:14,0
DA:16,0
DA:17,0
DA:18,0
DA:19,0
DA:20,0
DA:21,0
DA:22,0
DA:23,0
DA:24,0
DA:26,0
DA:27,0
DA:28,0
DA:29,0
DA:30,0
DA:31,0
DA:33,0
DA:34,0
DA:35,0
DA:38,0
DA:39,0
DA:41,0
DA:42,0
DA:43,0
DA:44,0
DA:45,0
DA:46,0
DA:50,0
DA:51,0
DA:52,0
DA:53,0
DA:54,0
DA:55,0
DA:56,0
LF:44
LH:0
BRDA:2,0,0,0
BRDA:2,0,1,0
BRDA:2,0,2,0
BRDA:3,1,0,0
BRDA:3,1,1,0
BRDA:4,2,0,0
BRDA:4,2,1,0
BRDA:7,3,0,0
BRDA:7,3,1,0
BRDA:8,4,0,0
BRDA:8,4,1,0
BRDA:11,5,0,0
BRDA:11,5,1,0
BRDA:11,5,2,0
BRDA:12,6,0,0
BRDA:12,6,1,0
BRDA:13,7,0,0
BRDA:13,7,1,0
BRDA:16,8,0,0
BRDA:16,8,1,0
BRDA:18,9,0,0
BRDA:18,9,1,0
BRDA:18,10,0,0
BRDA:18,10,1,0
BRDA:18,10,2,0
BRDA:18,11,0,0
BRDA:18,11,1,0
BRDA:18,12,0,0
BRDA:18,12,1,0
BRDA:18,13,0,0
BRDA:18,13,1,0
BRDA:18,14,0,0
BRDA:18,14,1,0
BRDA:19,15,0,0
BRDA:19,15,1,0
BRDA:20,16,0,0
BRDA:20,16,1,0
BRDA:20,16,2,0
BRDA:20,16,3,0
BRDA:20,16,4,0
BRDA:20,16,5,0
BRDA:26,17,0,0
BRDA:26,17,1,0
BRDA:26,18,0,0
BRDA:26,18,1,0
BRDA:26,18,2,0
BRDA:26,19,0,0
BRDA:26,19,1,0
BRDA:27,20,0,0
BRDA:27,20,1,0
BRDA:27,21,0,0
BRDA:27,21,1,0
BRDA:27,21,2,0
BRDA:27,21,3,0
BRDA:28,22,0,0
BRDA:28,22,1,0
BRDA:28,23,0,0
BRDA:28,23,1,0
BRDA:29,24,0,0
BRDA:29,24,1,0
BRDA:29,25,0,0
BRDA:29,25,1,0
BRDA:30,26,0,0
BRDA:30,26,1,0
BRDA:35,27,0,0
BRDA:35,27,1,0
BRDA:35,28,0,0
BRDA:35,28,1,0
BRDA:38,29,0,0
BRDA:38,29,1,0
BRDA:38,29,2,0
BRDA:39,30,0,0
BRDA:39,30,1,0
BRDA:39,31,0,0
BRDA:39,31,1,0
BRDA:46,32,0,0
BRDA:46,32,1,0
BRDA:54,33,0,0
BRDA:54,33,1,0
BRF:79
BRH:0
end_of_record
TN:
SF:src/infrastructure/repositories/BookRepository.ts
FN:2,(anonymous_0)
FN:3,(anonymous_1)
FN:5,(anonymous_2)
FN:6,(anonymous_3)
FN:9,(anonymous_4)
FN:11,__
FN:15,(anonymous_6)
FN:21,(anonymous_7)
FN:24,(anonymous_8)
FN:25,(anonymous_9)
FN:34,(anonymous_10)
FN:36,BookRepository
FNF:12
FNH:0
FNDA:0,(anonymous_0)
FNDA:0,(anonymous_1)
FNDA:0,(anonymous_2)
FNDA:0,(anonymous_3)
FNDA:0,(anonymous_4)
FNDA:0,__
FNDA:0,(anonymous_6)
FNDA:0,(anonymous_7)
FNDA:0,(anonymous_8)
FNDA:0,(anonymous_9)
FNDA:0,(anonymous_10)
FNDA:0,BookRepository
DA:2,0
DA:3,0
DA:4,0
DA:5,0
DA:6,0
DA:7,0
DA:9,0
DA:10,0
DA:11,0
DA:12,0
DA:15,0
DA:16,0
DA:17,0
DA:18,0
DA:19,0
DA:21,0
DA:22,0
DA:24,0
DA:25,0
DA:27,0
DA:28,0
DA:29,0
DA:30,0
DA:31,0
DA:32,0
DA:33,0
DA:34,0
DA:35,0
DA:37,0
DA:38,0
DA:39,0
DA:40,0
DA:43,0
DA:49,0
DA:51,0
LF:35
LH:0
BRDA:2,0,0,0
BRDA:2,0,1,0
BRDA:2,0,2,0
BRDA:4,1,0,0
BRDA:4,1,1,0
BRDA:4,1,2,0
BRDA:4,1,3,0
BRDA:6,2,0,0
BRDA:6,2,1,0
BRDA:12,3,0,0
BRDA:12,3,1,0
BRDA:15,4,0,0
BRDA:15,4,1,0
BRDA:15,4,2,0
BRDA:16,5,0,0
BRDA:16,5,1,0
BRDA:16,6,0,0
BRDA:16,6,1,0
BRDA:17,7,0,0
BRDA:17,7,1,0
BRDA:17,8,0,0
BRDA:17,8,1,0
BRDA:18,9,0,0
BRDA:18,9,1,0
BRDA:18,10,0,0
BRDA:18,10,1,0
BRDA:18,11,0,0
BRDA:18,11,1,0
BRDA:18,12,0,0
BRDA:18,12,1,0
BRDA:19,13,0,0
BRDA:19,13,1,0
BRDA:19,13,2,0
BRDA:21,14,0,0
BRDA:21,14,1,0
BRDA:21,14,2,0
BRDA:22,15,0,0
BRDA:22,15,1,0
BRDA:22,16,0,0
BRDA:22,16,1,0
BRDA:24,17,0,0
BRDA:24,17,1,0
BRDA:24,17,2,0
BRDA:37,18,0,0
BRDA:37,18,1,0
BRDA:47,19,0,0
BRDA:47,19,1,0
BRDA:47,20,0,0
BRDA:47,20,1,0
BRDA:47,21,0,0
BRDA:47,21,1,0
BRDA:47,22,0,0
BRDA:47,22,1,0
BRF:53
BRH:0
end_of_record
TN:
SF:src/infrastructure/repositories/Repository.ts
FN:2,(anonymous_0)
FN:8,(anonymous_1)
FN:11,(anonymous_2)
FN:12,(anonymous_3)
FN:14,(anonymous_4)
FN:15,adopt
FN:15,(anonymous_6)
FN:16,(anonymous_7)
FN:17,fulfilled
FN:18,rejected
FN:19,step
FN:23,(anonymous_11)
FN:24,(anonymous_12)
FN:25,(anonymous_13)
FN:26,verb
FN:26,(anonymous_15)
FN:27,step
FN:55,(anonymous_17)
FN:56,Repository
FN:60,(anonymous_19)
FN:61,(anonymous_20)
FN:64,(anonymous_21)
FN:69,(anonymous_22)
FN:74,(anonymous_23)
FN:75,(anonymous_24)
FN:77,(anonymous_25)
FN:89,(anonymous_26)
FN:90,(anonymous_27)
FN:92,(anonymous_28)
FN:102,(anonymous_29)
FN:103,(anonymous_30)
FN:105,(anonymous_31)
FN:125,(anonymous_32)
FN:126,(anonymous_33)
FN:127,(anonymous_34)
FNF:35
FNH:0
FNDA:0,(anonymous_0)
FNDA:0,(anonymous_1)
FNDA:0,(anonymous_2)
FNDA:0,(anonymous_3)
FNDA:0,(anonymous_4)
FNDA:0,adopt
FNDA:0,(anonymous_6)
FNDA:0,(anonymous_7)
FNDA:0,fulfilled
FNDA:0,rejected
FNDA:0,step
FNDA:0,(anonymous_11)
FNDA:0,(anonymous_12)
FNDA:0,(anonymous_13)
FNDA:0,verb
FNDA:0,(anonymous_15)
FNDA:0,step
FNDA:0,(anonymous_17)
FNDA:0,Repository
FNDA:0,(anonymous_19)
FNDA:0,(anonymous_20)
FNDA:0,(anonymous_21)
FNDA:0,(anonymous_22)
FNDA:0,(anonymous_23)
FNDA:0,(anonymous_24)
FNDA:0,(anonymous_25)
FNDA:0,(anonymous_26)
FNDA:0,(anonymous_27)
FNDA:0,(anonymous_28)
FNDA:0,(anonymous_29)
FNDA:0,(anonymous_30)
FNDA:0,(anonymous_31)
FNDA:0,(anonymous_32)
FNDA:0,(anonymous_33)
FNDA:0,(anonymous_34)
DA:2,0
DA:3,0
DA:4,0
DA:5,0
DA:6,0
DA:8,0
DA:9,0
DA:11,0
DA:12,0
DA:14,0
DA:15,0
DA:16,0
DA:17,0
DA:18,0
DA:19,0
DA:20,0
DA:23,0
DA:24,0
DA:25,0
DA:26,0
DA:28,0
DA:29,0
DA:30,0
DA:31,0
DA:32,0
DA:33,0
DA:34,0
DA:35,0
DA:36,0
DA:38,0
DA:39,0
DA:40,0
DA:41,0
DA:42,0
DA:43,0
DA:45,0
DA:46,0
DA:47,0
DA:50,0
DA:51,0
DA:52,0
DA:53,0
DA:54,0
DA:55,0
DA:57,0
DA:58,0
DA:60,0
DA:61,0
DA:63,0
DA:64,0
DA:65,0
DA:66,0
DA:68,0
DA:69,0
DA:74,0
DA:75,0
DA:77,0
DA:78,0
DA:79,0
DA:81,0
DA:82,0
DA:83,0
DA:84,0
DA:89,0
DA:90,0
DA:92,0
DA:93,0
DA:94,0
DA:96,0
DA:97,0
DA:102,0
DA:103,0
DA:105,0
DA:106,0
DA:108,0
DA:109,0
DA:111,0
DA:112,0
DA:113,0
DA:115,0
DA:116,0
DA:117,0
DA:119,0
DA:120,0
DA:125,0
DA:126,0
DA:127,0
DA:128,0
DA:129,0
DA:131,0
DA:132,0
DA:138,0
DA:144,0
DA:146,0
LF:94
LH:0
BRDA:2,0,0,0
BRDA:2,0,1,0
BRDA:2,0,2,0
BRDA:3,1,0,0
BRDA:3,1,1,0
BRDA:3,2,0,0
BRDA:3,2,1,0
BRDA:4,3,0,0
BRDA:4,3,1,0
BRDA:4,4,0,0
BRDA:4,4,1,0
BRDA:5,5,0,0
BRDA:5,5,1,0
BRDA:5,6,0,0
BRDA:5,6,1,0
BRDA:5,7,0,0
BRDA:5,7,1,0
BRDA:5,8,0,0
BRDA:5,8,1,0
BRDA:6,9,0,0
BRDA:6,9,1,0
BRDA:6,9,2,0
BRDA:8,10,0,0
BRDA:8,10,1,0
BRDA:8,10,2,0
BRDA:9,11,0,0
BRDA:9,11,1,0
BRDA:9,12,0,0
BRDA:9,12,1,0
BRDA:11,13,0,0
BRDA:11,13,1,0
BRDA:11,13,2,0
BRDA:14,14,0,0
BRDA:14,14,1,0
BRDA:14,14,2,0
BRDA:15,15,0,0
BRDA:15,15,1,0
BRDA:16,16,0,0
BRDA:16,16,1,0
BRDA:19,17,0,0
BRDA:19,17,1,0
BRDA:20,18,0,0
BRDA:20,18,1,0
BRDA:23,19,0,0
BRDA:23,19,1,0
BRDA:23,19,2,0
BRDA:24,20,0,0
BRDA:24,20,1,0
BRDA:25,21,0,0
BRDA:25,21,1,0
BRDA:28,22,0,0
BRDA:28,22,1,0
BRDA:30,23,0,0
BRDA:30,23,1,0
BRDA:30,24,0,0
BRDA:30,24,1,0
BRDA:30,24,2,0
BRDA:30,25,0,0
BRDA:30,25,1,0
BRDA:30,26,0,0
BRDA:30,26,1,0
BRDA:30,27,0,0
BRDA:30,27,1,0
BRDA:30,28,0,0
BRDA:30,28,1,0
BRDA:31,29,0,0
BRDA:31,29,1,0
BRDA:32,30,0,0
BRDA:32,30,1,0
BRDA:32,30,2,0
BRDA:32,30,3,0
BRDA:32,30,4,0
BRDA:32,30,5,0
BRDA:38,31,0,0
BRDA:38,31,1,0
BRDA:38,32,0,0
BRDA:38,32,1,0
BRDA:38,32,2,0
BRDA:38,33,0,0
BRDA:38,33,1,0
BRDA:39,34,0,0
BRDA:39,34,1,0
BRDA:39,35,0,0
BRDA:39,35,1,0
BRDA:39,35,2,0
BRDA:39,35,3,0
BRDA:40,36,0,0
BRDA:40,36,1,0
BRDA:40,37,0,0
BRDA:40,37,1,0
BRDA:41,38,0,0
BRDA:41,38,1,0
BRDA:41,39,0,0
BRDA:41,39,1,0
BRDA:42,40,0,0
BRDA:42,40,1,0
BRDA:47,41,0,0
BRDA:47,41,1,0
BRDA:47,42,0,0
BRDA:47,42,1,0
BRDA:65,43,0,0
BRDA:65,43,1,0
BRDA:78,44,0,0
BRDA:78,44,1,0
BRDA:82,45,0,0
BRDA:82,45,1,0
BRDA:93,46,0,0
BRDA:93,46,1,0
BRDA:106,47,0,0
BRDA:106,47,1,0
BRDA:106,47,2,0
BRDA:106,47,3,0
BRDA:106,47,4,0
BRDA:112,48,0,0
BRDA:112,48,1,0
BRDA:128,49,0,0
BRDA:128,49,1,0
BRDA:142,50,0,0
BRDA:142,50,1,0
BRDA:142,51,0,0
BRDA:142,51,1,0
BRDA:142,52,0,0
BRDA:142,52,1,0
BRDA:142,53,0,0
BRDA:142,53,1,0
BRF:125
BRH:0
end_of_record
TN:
SF:src/interfaces/http/controllers/BookController.ts
FN:2,(anonymous_0)
FN:8,(anonymous_1)
FN:11,(anonymous_2)
FN:12,(anonymous_3)
FN:14,(anonymous_4)
FN:15,adopt
FN:15,(anonymous_6)
FN:16,(anonymous_7)
FN:17,fulfilled
FN:18,rejected
FN:19,step
FN:23,(anonymous_11)
FN:24,(anonymous_12)
FN:25,(anonymous_13)
FN:26,verb
FN:26,(anonymous_15)
FN:27,step
FN:58,(anonymous_17)
FN:59,BookController
FN:62,(anonymous_19)
FN:63,(anonymous_20)
FN:65,(anonymous_21)
FN:75,(anonymous_22)
FN:76,(anonymous_23)
FN:78,(anonymous_24)
FN:88,(anonymous_25)
FN:89,(anonymous_26)
FN:91,(anonymous_27)
FN:106,(anonymous_28)
FN:107,(anonymous_29)
FN:109,(anonymous_30)
FN:125,(anonymous_31)
FN:126,(anonymous_32)
FN:128,(anonymous_33)
FNF:34
FNH:0
FNDA:0,(anonymous_0)
FNDA:0,(anonymous_1)
FNDA:0,(anonymous_2)
FNDA:0,(anonymous_3)
FNDA:0,(anonymous_4)
FNDA:0,adopt
FNDA:0,(anonymous_6)
FNDA:0,(anonymous_7)
FNDA:0,fulfilled
FNDA:0,rejected
FNDA:0,step
FNDA:0,(anonymous_11)
FNDA:0,(anonymous_12)
FNDA:0,(anonymous_13)
FNDA:0,verb
FNDA:0,(anonymous_15)
FNDA:0,step
FNDA:0,(anonymous_17)
FNDA:0,BookController
FNDA:0,(anonymous_19)
FNDA:0,(anonymous_20)
FNDA:0,(anonymous_21)
FNDA:0,(anonymous_22)
FNDA:0,(anonymous_23)
FNDA:0,(anonymous_24)
FNDA:0,(anonymous_25)
FNDA:0,(anonymous_26)
FNDA:0,(anonymous_27)
FNDA:0,(anonymous_28)
FNDA:0,(anonymous_29)
FNDA:0,(anonymous_30)
FNDA:0,(anonymous_31)
FNDA:0,(anonymous_32)
FNDA:0,(anonymous_33)
DA:2,0
DA:3,0
DA:4,0
DA:5,0
DA:6,0
DA:8,0
DA:9,0
DA:11,0
DA:12,0
DA:14,0
DA:15,0
DA:16,0
DA:17,0
DA:18,0
DA:19,0
DA:20,0
DA:23,0
DA:24,0
DA:25,0
DA:26,0
DA:28,0
DA:29,0
DA:30,0
DA:31,0
DA:32,0
DA:33,0
DA:34,0
DA:35,0
DA:36,0
DA:38,0
DA:39,0
DA:40,0
DA:41,0
DA:42,0
DA:43,0
DA:45,0
DA:46,0
DA:47,0
DA:50,0
DA:51,0
DA:52,0
DA:53,0
DA:54,0
DA:55,0
DA:56,0
DA:57,0
DA:58,0
DA:60,0
DA:62,0
DA:63,0
DA:65,0
DA:66,0
DA:67,0
DA:69,0
DA:70,0
DA:75,0
DA:76,0
DA:78,0
DA:79,0
DA:80,0
DA:82,0
DA:83,0
DA:88,0
DA:89,0
DA:91,0
DA:92,0
DA:94,0
DA:95,0
DA:97,0
DA:98,0
DA:106,0
DA:107,0
DA:109,0
DA:110,0
DA:112,0
DA:113,0
DA:114,0
DA:116,0
DA:117,0
DA:125,0
DA:126,0
DA:128,0
DA:129,0
DA:131,0
DA:132,0
DA:134,0
DA:135,0
DA:144,0
DA:151,0
DA:158,0
DA:165,0
DA:172,0
DA:179,0
DA:184,0
DA:186,0
LF:95
LH:0
BRDA:2,0,0,0
BRDA:2,0,1,0
BRDA:2,0,2,0
BRDA:3,1,0,0
BRDA:3,1,1,0
BRDA:3,2,0,0
BRDA:3,2,1,0
BRDA:4,3,0,0
BRDA:4,3,1,0
BRDA:4,4,0,0
BRDA:4,4,1,0
BRDA:5,5,0,0
BRDA:5,5,1,0
BRDA:5,6,0,0
BRDA:5,6,1,0
BRDA:5,7,0,0
BRDA:5,7,1,0
BRDA:5,8,0,0
BRDA:5,8,1,0
BRDA:6,9,0,0
BRDA:6,9,1,0
BRDA:6,9,2,0
BRDA:8,10,0,0
BRDA:8,10,1,0
BRDA:8,10,2,0
BRDA:9,11,0,0
BRDA:9,11,1,0
BRDA:9,12,0,0
BRDA:9,12,1,0
BRDA:11,13,0,0
BRDA:11,13,1,0
BRDA:11,13,2,0
BRDA:14,14,0,0
BRDA:14,14,1,0
BRDA:14,14,2,0
BRDA:15,15,0,0
BRDA:15,15,1,0
BRDA:16,16,0,0
BRDA:16,16,1,0
BRDA:19,17,0,0
BRDA:19,17,1,0
BRDA:20,18,0,0
BRDA:20,18,1,0
BRDA:23,19,0,0
BRDA:23,19,1,0
BRDA:23,19,2,0
BRDA:24,20,0,0
BRDA:24,20,1,0
BRDA:25,21,0,0
BRDA:25,21,1,0
BRDA:28,22,0,0
BRDA:28,22,1,0
BRDA:30,23,0,0
BRDA:30,23,1,0
BRDA:30,24,0,0
BRDA:30,24,1,0
BRDA:30,24,2,0
BRDA:30,25,0,0
BRDA:30,25,1,0
BRDA:30,26,0,0
BRDA:30,26,1,0
BRDA:30,27,0,0
BRDA:30,27,1,0
BRDA:30,28,0,0
BRDA:30,28,1,0
BRDA:31,29,0,0
BRDA:31,29,1,0
BRDA:32,30,0,0
BRDA:32,30,1,0
BRDA:32,30,2,0
BRDA:32,30,3,0
BRDA:32,30,4,0
BRDA:32,30,5,0
BRDA:38,31,0,0
BRDA:38,31,1,0
BRDA:38,32,0,0
BRDA:38,32,1,0
BRDA:38,32,2,0
BRDA:38,33,0,0
BRDA:38,33,1,0
BRDA:39,34,0,0
BRDA:39,34,1,0
BRDA:39,35,0,0
BRDA:39,35,1,0
BRDA:39,35,2,0
BRDA:39,35,3,0
BRDA:40,36,0,0
BRDA:40,36,1,0
BRDA:40,37,0,0
BRDA:40,37,1,0
BRDA:41,38,0,0
BRDA:41,38,1,0
BRDA:41,39,0,0
BRDA:41,39,1,0
BRDA:42,40,0,0
BRDA:42,40,1,0
BRDA:47,41,0,0
BRDA:47,41,1,0
BRDA:47,42,0,0
BRDA:47,42,1,0
BRDA:66,43,0,0
BRDA:66,43,1,0
BRDA:79,44,0,0
BRDA:79,44,1,0
BRDA:92,45,0,0
BRDA:92,45,1,0
BRDA:110,46,0,0
BRDA:110,46,1,0
BRDA:129,47,0,0
BRDA:129,47,1,0
BRDA:148,48,0,0
BRDA:148,48,1,0
BRDA:148,49,0,0
BRDA:148,49,1,0
BRDA:148,50,0,0
BRDA:148,50,1,0
BRDA:148,51,0,0
BRDA:148,51,1,0
BRDA:155,52,0,0
BRDA:155,52,1,0
BRDA:155,53,0,0
BRDA:155,53,1,0
BRDA:155,54,0,0
BRDA:155,54,1,0
BRDA:155,55,0,0
BRDA:155,55,1,0
BRDA:162,56,0,0
BRDA:162,56,1,0
BRDA:162,57,0,0
BRDA:162,57,1,0
BRDA:162,58,0,0
BRDA:162,58,1,0
BRDA:162,59,0,0
BRDA:162,59,1,0
BRDA:169,60,0,0
BRDA:169,60,1,0
BRDA:169,61,0,0
BRDA:169,61,1,0
BRDA:169,62,0,0
BRDA:169,62,1,0
BRDA:169,63,0,0
BRDA:169,63,1,0
BRDA:176,64,0,0
BRDA:176,64,1,0
BRDA:176,65,0,0
BRDA:176,65,1,0
BRDA:176,66,0,0
BRDA:176,66,1,0
BRDA:176,67,0,0
BRDA:176,67,1,0
BRDA:182,68,0,0
BRDA:182,68,1,0
BRDA:182,69,0,0
BRDA:182,69,1,0
BRF:154
BRH:0
end_of_record
TN:
SF:src/interfaces/http/controllers/CommonController.ts
FN:2,(anonymous_0)
FN:8,(anonymous_1)
FN:11,(anonymous_2)
FN:12,(anonymous_3)
FN:14,(anonymous_4)
FN:15,adopt
FN:15,(anonymous_6)
FN:16,(anonymous_7)
FN:17,fulfilled
FN:18,rejected
FN:19,step
FN:23,(anonymous_11)
FN:24,(anonymous_12)
FN:25,(anonymous_13)
FN:26,verb
FN:26,(anonymous_15)
FN:27,step
FN:55,(anonymous_17)
FN:56,CommonController
FN:58,(anonymous_19)
FN:59,(anonymous_20)
FN:60,(anonymous_21)
FNF:22
FNH:0
FNDA:0,(anonymous_0)
FNDA:0,(anonymous_1)
FNDA:0,(anonymous_2)
FNDA:0,(anonymous_3)
FNDA:0,(anonymous_4)
FNDA:0,adopt
FNDA:0,(anonymous_6)
FNDA:0,(anonymous_7)
FNDA:0,fulfilled
FNDA:0,rejected
FNDA:0,step
FNDA:0,(anonymous_11)
FNDA:0,(anonymous_12)
FNDA:0,(anonymous_13)
FNDA:0,verb
FNDA:0,(anonymous_15)
FNDA:0,step
FNDA:0,(anonymous_17)
FNDA:0,CommonController
FNDA:0,(anonymous_19)
FNDA:0,(anonymous_20)
FNDA:0,(anonymous_21)
DA:2,0
DA:3,0
DA:4,0
DA:5,0
DA:6,0
DA:8,0
DA:9,0
DA:11,0
DA:12,0
DA:14,0
DA:15,0
DA:16,0
DA:17,0
DA:18,0
DA:19,0
DA:20,0
DA:23,0
DA:24,0
DA:25,0
DA:26,0
DA:28,0
DA:29,0
DA:30,0
DA:31,0
DA:32,0
DA:33,0
DA:34,0
DA:35,0
DA:36,0
DA:38,0
DA:39,0
DA:40,0
DA:41,0
DA:42,0
DA:43,0
DA:45,0
DA:46,0
DA:47,0
DA:50,0
DA:51,0
DA:52,0
DA:53,0
DA:54,0
DA:55,0
DA:58,0
DA:59,0
DA:60,0
DA:61,0
DA:66,0
DA:73,0
DA:76,0
DA:78,0
LF:52
LH:0
BRDA:2,0,0,0
BRDA:2,0,1,0
BRDA:2,0,2,0
BRDA:3,1,0,0
BRDA:3,1,1,0
BRDA:3,2,0,0
BRDA:3,2,1,0
BRDA:4,3,0,0
BRDA:4,3,1,0
BRDA:4,4,0,0
BRDA:4,4,1,0
BRDA:5,5,0,0
BRDA:5,5,1,0
BRDA:5,6,0,0
BRDA:5,6,1,0
BRDA:5,7,0,0
BRDA:5,7,1,0
BRDA:5,8,0,0
BRDA:5,8,1,0
BRDA:6,9,0,0
BRDA:6,9,1,0
BRDA:6,9,2,0
BRDA:8,10,0,0
BRDA:8,10,1,0
BRDA:8,10,2,0
BRDA:9,11,0,0
BRDA:9,11,1,0
BRDA:9,12,0,0
BRDA:9,12,1,0
BRDA:11,13,0,0
BRDA:11,13,1,0
BRDA:11,13,2,0
BRDA:14,14,0,0
BRDA:14,14,1,0
BRDA:14,14,2,0
BRDA:15,15,0,0
BRDA:15,15,1,0
BRDA:16,16,0,0
BRDA:16,16,1,0
BRDA:19,17,0,0
BRDA:19,17,1,0
BRDA:20,18,0,0
BRDA:20,18,1,0
BRDA:23,19,0,0
BRDA:23,19,1,0
BRDA:23,19,2,0
BRDA:24,20,0,0
BRDA:24,20,1,0
BRDA:25,21,0,0
BRDA:25,21,1,0
BRDA:28,22,0,0
BRDA:28,22,1,0
BRDA:30,23,0,0
BRDA:30,23,1,0
BRDA:30,24,0,0
BRDA:30,24,1,0
BRDA:30,24,2,0
BRDA:30,25,0,0
BRDA:30,25,1,0
BRDA:30,26,0,0
BRDA:30,26,1,0
BRDA:30,27,0,0
BRDA:30,27,1,0
BRDA:30,28,0,0
BRDA:30,28,1,0
BRDA:31,29,0,0
BRDA:31,29,1,0
BRDA:32,30,0,0
BRDA:32,30,1,0
BRDA:32,30,2,0
BRDA:32,30,3,0
BRDA:32,30,4,0
BRDA:32,30,5,0
BRDA:38,31,0,0
BRDA:38,31,1,0
BRDA:38,32,0,0
BRDA:38,32,1,0
BRDA:38,32,2,0
BRDA:38,33,0,0
BRDA:38,33,1,0
BRDA:39,34,0,0
BRDA:39,34,1,0
BRDA:39,35,0,0
BRDA:39,35,1,0
BRDA:39,35,2,0
BRDA:39,35,3,0
BRDA:40,36,0,0
BRDA:40,36,1,0
BRDA:40,37,0,0
BRDA:40,37,1,0
BRDA:41,38,0,0
BRDA:41,38,1,0
BRDA:41,39,0,0
BRDA:41,39,1,0
BRDA:42,40,0,0
BRDA:42,40,1,0
BRDA:47,41,0,0
BRDA:47,41,1,0
BRDA:47,42,0,0
BRDA:47,42,1,0
BRDA:70,43,0,0
BRDA:70,43,1,0
BRDA:70,44,0,0
BRDA:70,44,1,0
BRDA:70,45,0,0
BRDA:70,45,1,0
BRDA:70,46,0,0
BRDA:70,46,1,0
BRF:108
BRH:0
end_of_record
TN:
SF:src/interfaces/http/controllers/index.ts
FN:2,(anonymous_0)
FN:4,(anonymous_1)
FN:5,(anonymous_2)
FN:9,(anonymous_3)
FNF:4
FNH:0
FNDA:0,(anonymous_0)
FNDA:0,(anonymous_1)
FNDA:0,(anonymous_2)
FNDA:0,(anonymous_3)
DA:2,0
DA:3,0
DA:4,0
DA:6,0
DA:7,0
DA:9,0
DA:10,0
DA:12,0
DA:13,0
DA:14,0
LF:10
LH:0
BRDA:2,0,0,0
BRDA:2,0,1,0
BRDA:2,0,2,0
BRDA:2,1,0,0
BRDA:2,1,1,0
BRDA:3,2,0,0
BRDA:3,2,1,0
BRDA:6,3,0,0
BRDA:6,3,1,0
BRDA:9,4,0,0
BRDA:9,4,1,0
BRDA:9,4,2,0
BRDA:10,5,0,0
BRDA:10,5,1,0
BRDA:10,6,0,0
BRDA:10,6,1,0
BRF:16
BRH:0
end_of_record
TN:
SF:src/interfaces/http/middlewares/ErrorHandler.ts
FN:6,(anonymous_0)
FNF:1
FNH:0
FNDA:0,(anonymous_0)
DA:2,0
DA:3,0
DA:4,0
DA:6,0
DA:7,0
DA:8,0
DA:9,0
LF:7
LH:0
BRDA:10,0,0,0
BRDA:10,0,1,0
BRF:2
BRH:0
end_of_record
TN:
SF:src/interfaces/http/processors/response.ts
FN:4,(anonymous_0)
FNF:1
FNH:0
FNDA:0,(anonymous_0)
DA:2,0
DA:3,0
DA:4,0
LF:3
LH:0
BRDA:6,0,0,0
BRDA:6,0,1,0
BRF:2
BRH:0
end_of_record
